<?xml version="1.0" encoding="UTF-8"?>
<coverage generated="1779362201180" clover="3.2.0">
  <project timestamp="1779362201180" name="All files">
    <metrics statements="303" coveredstatements="286" conditionals="174" coveredconditionals="136" methods="66" coveredmethods="62" elements="543" coveredelements="484" complexity="0" loc="303" ncloc="303" packages="1" files="6" classes="6"/>
    <file name="controller.js" path="/home/konstantin/Dokumente/Dev/MOC/workflow_Tiling/lib/controller.js">
      <metrics statements="186" coveredstatements="172" conditionals="97" coveredconditionals="69" methods="20" coveredmethods="20"/>
      <line num="14" count="16" type="stmt"/>
      <line num="15" count="16" type="stmt"/>
      <line num="16" count="16" type="stmt"/>
      <line num="17" count="16" type="stmt"/>
      <line num="18" count="16" type="stmt"/>
      <line num="19" count="16" type="stmt"/>
      <line num="20" count="16" type="stmt"/>
      <line num="21" count="16" type="stmt"/>
      <line num="22" count="16" type="stmt"/>
      <line num="23" count="16" type="stmt"/>
      <line num="27" count="16" type="stmt"/>
      <line num="28" count="16" type="stmt"/>
      <line num="29" count="16" type="stmt"/>
      <line num="30" count="16" type="stmt"/>
      <line num="31" count="16" type="stmt"/>
      <line num="32" count="16" type="stmt"/>
      <line num="33" count="30" type="stmt"/>
      <line num="35" count="15" type="stmt"/>
      <line num="37" count="1" type="stmt"/>
      <line num="41" count="89" type="stmt"/>
      <line num="42" count="89" type="stmt"/>
      <line num="43" count="89" type="stmt"/>
      <line num="44" count="89" type="stmt"/>
      <line num="45" count="89" type="cond" truecount="1" falsecount="1"/>
      <line num="46" count="89" type="cond" truecount="2" falsecount="2"/>
      <line num="47" count="0" type="cond" truecount="0" falsecount="2"/>
      <line num="50" count="0" type="stmt"/>
      <line num="52" count="0" type="stmt"/>
      <line num="56" count="3" type="stmt"/>
      <line num="57" count="3" type="stmt"/>
      <line num="58" count="3" type="stmt"/>
      <line num="59" count="3" type="stmt"/>
      <line num="60" count="3" type="cond" truecount="2" falsecount="2"/>
      <line num="61" count="3" type="stmt"/>
      <line num="64" count="0" type="stmt"/>
      <line num="69" count="1" type="stmt"/>
      <line num="70" count="1" type="stmt"/>
      <line num="71" count="1" type="stmt"/>
      <line num="72" count="1" type="stmt"/>
      <line num="73" count="2" type="stmt"/>
      <line num="74" count="2" type="cond" truecount="2" falsecount="2"/>
      <line num="75" count="2" type="cond" truecount="2" falsecount="0"/>
      <line num="78" count="0" type="stmt"/>
      <line num="86" count="29" type="cond" truecount="3" falsecount="1"/>
      <line num="88" count="29" type="stmt"/>
      <line num="89" count="29" type="cond" truecount="2" falsecount="0"/>
      <line num="90" count="15" type="stmt"/>
      <line num="91" count="15" type="stmt"/>
      <line num="94" count="29" type="stmt"/>
      <line num="95" count="29" type="stmt"/>
      <line num="98" count="29" type="stmt"/>
      <line num="99" count="29" type="cond" truecount="1" falsecount="1"/>
      <line num="100" count="29" type="cond" truecount="1" falsecount="1"/>
      <line num="102" count="29" type="cond" truecount="2" falsecount="0"/>
      <line num="103" count="28" type="cond" truecount="1" falsecount="1"/>
      <line num="105" count="28" type="cond" truecount="1" falsecount="1"/>
      <line num="107" count="28" type="stmt"/>
      <line num="110" count="28" type="cond" truecount="2" falsecount="0"/>
      <line num="111" count="1" type="stmt"/>
      <line num="114" count="1" type="cond" truecount="1" falsecount="1"/>
      <line num="115" count="1" type="cond" truecount="2" falsecount="2"/>
      <line num="116" count="0" type="stmt"/>
      <line num="120" count="28" type="stmt"/>
      <line num="121" count="28" type="stmt"/>
      <line num="122" count="28" type="stmt"/>
      <line num="125" count="28" type="cond" truecount="5" falsecount="0"/>
      <line num="128" count="4" type="cond" truecount="6" falsecount="0"/>
      <line num="130" count="3" type="stmt"/>
      <line num="131" count="3" type="stmt"/>
      <line num="132" count="3" type="stmt"/>
      <line num="135" count="3" type="stmt"/>
      <line num="137" count="3" type="stmt"/>
      <line num="138" count="3" type="stmt"/>
      <line num="139" count="3" type="stmt"/>
      <line num="143" count="3" type="stmt"/>
      <line num="144" count="3" type="stmt"/>
      <line num="145" count="3" type="stmt"/>
      <line num="146" count="3" type="stmt"/>
      <line num="149" count="1" type="stmt"/>
      <line num="150" count="1" type="stmt"/>
      <line num="151" count="1" type="stmt"/>
      <line num="152" count="1" type="stmt"/>
      <line num="157" count="25" type="stmt"/>
      <line num="158" count="25" type="stmt"/>
      <line num="159" count="25" type="stmt"/>
      <line num="161" count="25" type="stmt"/>
      <line num="163" count="25" type="cond" truecount="4" falsecount="0"/>
      <line num="164" count="6" type="stmt"/>
      <line num="166" count="19" type="stmt"/>
      <line num="169" count="25" type="stmt"/>
      <line num="171" count="1" type="stmt"/>
      <line num="179" count="1" type="stmt"/>
      <line num="180" count="1" type="cond" truecount="1" falsecount="1"/>
      <line num="182" count="1" type="stmt"/>
      <line num="183" count="1" type="stmt"/>
      <line num="184" count="1" type="stmt"/>
      <line num="186" count="1" type="stmt"/>
      <line num="187" count="1" type="cond" truecount="1" falsecount="1"/>
      <line num="188" count="1" type="stmt"/>
      <line num="189" count="1" type="stmt"/>
      <line num="190" count="1" type="stmt"/>
      <line num="193" count="1" type="stmt"/>
      <line num="198" count="26" type="cond" truecount="2" falsecount="0"/>
      <line num="200" count="25" type="stmt"/>
      <line num="202" count="25" type="cond" truecount="2" falsecount="0"/>
      <line num="203" count="11" type="stmt"/>
      <line num="206" count="25" type="stmt"/>
      <line num="207" count="25" type="stmt"/>
      <line num="208" count="25" type="cond" truecount="3" falsecount="1"/>
      <line num="209" count="0" type="stmt"/>
      <line num="210" count="0" type="stmt"/>
      <line num="214" count="25" type="cond" truecount="1" falsecount="1"/>
      <line num="215" count="0" type="stmt"/>
      <line num="216" count="0" type="stmt"/>
      <line num="219" count="25" type="stmt"/>
      <line num="220" count="25" type="stmt"/>
      <line num="221" count="25" type="stmt"/>
      <line num="223" count="25" type="stmt"/>
      <line num="224" count="24" type="stmt"/>
      <line num="225" count="24" type="cond" truecount="1" falsecount="1"/>
      <line num="228" count="0" type="stmt"/>
      <line num="230" count="25" type="stmt"/>
      <line num="231" count="25" type="stmt"/>
      <line num="234" count="25" type="stmt"/>
      <line num="239" count="5" type="cond" truecount="1" falsecount="1"/>
      <line num="240" count="5" type="stmt"/>
      <line num="242" count="5" type="stmt"/>
      <line num="243" count="5" type="stmt"/>
      <line num="244" count="5" type="stmt"/>
      <line num="245" count="5" type="stmt"/>
      <line num="247" count="5" type="stmt"/>
      <line num="250" count="5" type="stmt"/>
      <line num="251" count="4" type="stmt"/>
      <line num="252" count="4" type="stmt"/>
      <line num="253" count="4" type="stmt"/>
      <line num="254" count="4" type="stmt"/>
      <line num="255" count="4" type="cond" truecount="2" falsecount="0"/>
      <line num="256" count="2" type="stmt"/>
      <line num="260" count="4" type="stmt"/>
      <line num="261" count="4" type="stmt"/>
      <line num="262" count="6" type="stmt"/>
      <line num="266" count="4" type="cond" truecount="4" falsecount="0"/>
      <line num="268" count="2" type="stmt"/>
      <line num="269" count="1" type="cond" truecount="1" falsecount="1"/>
      <line num="270" count="1" type="stmt"/>
      <line num="272" count="1" type="stmt"/>
      <line num="273" count="1" type="stmt"/>
      <line num="275" count="1" type="stmt"/>
      <line num="276" count="1" type="cond" truecount="3" falsecount="1"/>
      <line num="278" count="1" type="stmt"/>
      <line num="281" count="1" type="stmt"/>
      <line num="282" count="1" type="cond" truecount="1" falsecount="1"/>
      <line num="283" count="1" type="stmt"/>
      <line num="284" count="1" type="stmt"/>
      <line num="288" count="1" type="stmt"/>
      <line num="291" count="1" type="stmt"/>
      <line num="294" count="4" type="stmt"/>
      <line num="295" count="4" type="cond" truecount="1" falsecount="1"/>
      <line num="297" count="4" type="stmt"/>
      <line num="299" count="4" type="stmt"/>
      <line num="301" count="4" type="stmt"/>
      <line num="302" count="4" type="stmt"/>
      <line num="304" count="4" type="stmt"/>
      <line num="305" count="3" type="cond" truecount="3" falsecount="1"/>
      <line num="306" count="3" type="stmt"/>
      <line num="310" count="4" type="stmt"/>
      <line num="311" count="4" type="stmt"/>
      <line num="314" count="0" type="stmt"/>
      <line num="315" count="0" type="stmt"/>
      <line num="316" count="0" type="stmt"/>
      <line num="318" count="4" type="stmt"/>
      <line num="322" count="1" type="stmt"/>
      <line num="323" count="1" type="stmt"/>
      <line num="324" count="1" type="stmt"/>
      <line num="329" count="61" type="cond" truecount="2" falsecount="0"/>
      <line num="330" count="17" type="stmt"/>
      <line num="332" count="61" type="stmt"/>
      <line num="336" count="1" type="stmt"/>
      <line num="337" count="1" type="stmt"/>
      <line num="338" count="1" type="stmt"/>
      <line num="339" count="1" type="stmt"/>
      <line num="341" count="1" type="stmt"/>
      <line num="342" count="1" type="stmt"/>
      <line num="343" count="1" type="stmt"/>
      <line num="344" count="1" type="stmt"/>
      <line num="345" count="1" type="stmt"/>
    </file>
    <file name="layout.js" path="/home/konstantin/Dokumente/Dev/MOC/workflow_Tiling/lib/layout.js">
      <metrics statements="29" coveredstatements="29" conditionals="26" coveredconditionals="22" methods="12" coveredmethods="12"/>
      <line num="4" count="3" type="stmt"/>
      <line num="17" count="118" type="stmt"/>
      <line num="18" count="118" type="cond" truecount="6" falsecount="0"/>
      <line num="19" count="2" type="stmt"/>
      <line num="21" count="116" type="stmt"/>
      <line num="22" count="116" type="stmt"/>
      <line num="23" count="116" type="stmt"/>
      <line num="24" count="116" type="stmt"/>
      <line num="25" count="116" type="stmt"/>
      <line num="32" count="38" type="stmt"/>
      <line num="39" count="38" type="stmt"/>
      <line num="40" count="38" type="stmt"/>
      <line num="42" count="38" type="stmt"/>
      <line num="49" count="38" type="stmt"/>
      <line num="60" count="57" type="stmt"/>
      <line num="61" count="57" type="stmt"/>
      <line num="62" count="57" type="stmt"/>
      <line num="66" count="57" type="stmt"/>
      <line num="67" count="112" type="stmt"/>
      <line num="69" count="57" type="cond" truecount="2" falsecount="0"/>
      <line num="73" count="74" type="stmt"/>
      <line num="74" count="74" type="stmt"/>
      <line num="83" count="35" type="cond" truecount="1" falsecount="1"/>
      <line num="87" count="3" type="stmt"/>
      <line num="93" count="18" type="stmt"/>
      <line num="94" count="18" type="stmt"/>
      <line num="98" count="31" type="cond" truecount="1" falsecount="1"/>
      <line num="103" count="18" type="stmt"/>
      <line num="115" count="18" type="stmt"/>
    </file>
    <file name="logger.js" path="/home/konstantin/Dokumente/Dev/MOC/workflow_Tiling/lib/logger.js">
      <metrics statements="10" coveredstatements="10" conditionals="14" coveredconditionals="10" methods="4" coveredmethods="4"/>
      <line num="1" count="3" type="stmt"/>
      <line num="5" count="28" type="stmt"/>
      <line num="9" count="7" type="stmt"/>
      <line num="10" count="7" type="cond" truecount="2" falsecount="0"/>
      <line num="11" count="6" type="cond" truecount="1" falsecount="2"/>
      <line num="16" count="5" type="stmt"/>
      <line num="17" count="5" type="cond" truecount="2" falsecount="0"/>
      <line num="18" count="4" type="cond" truecount="1" falsecount="2"/>
      <line num="23" count="2" type="cond" truecount="2" falsecount="0"/>
      <line num="24" count="1" type="stmt"/>
    </file>
    <file name="state.js" path="/home/konstantin/Dokumente/Dev/MOC/workflow_Tiling/lib/state.js">
      <metrics statements="17" coveredstatements="15" conditionals="4" coveredconditionals="4" methods="9" coveredmethods="8"/>
      <line num="3" count="26" type="stmt"/>
      <line num="4" count="26" type="stmt"/>
      <line num="8" count="65" type="cond" truecount="2" falsecount="0"/>
      <line num="9" count="30" type="cond" truecount="2" falsecount="0"/>
      <line num="10" count="30" type="stmt"/>
      <line num="12" count="65" type="stmt"/>
      <line num="16" count="11" type="stmt"/>
      <line num="17" count="11" type="stmt"/>
      <line num="18" count="11" type="stmt"/>
      <line num="19" count="11" type="stmt"/>
      <line num="23" count="31" type="stmt"/>
      <line num="27" count="34" type="stmt"/>
      <line num="28" count="11" type="stmt"/>
      <line num="29" count="45" type="stmt"/>
      <line num="33" count="70" type="stmt"/>
      <line num="37" count="0" type="stmt"/>
      <line num="38" count="0" type="stmt"/>
    </file>
    <file name="window.js" path="/home/konstantin/Dokumente/Dev/MOC/workflow_Tiling/lib/window.js">
      <metrics statements="41" coveredstatements="40" conditionals="25" coveredconditionals="24" methods="15" coveredmethods="12"/>
      <line num="6" count="25" type="stmt"/>
      <line num="7" count="25" type="stmt"/>
      <line num="8" count="25" type="stmt"/>
      <line num="10" count="25" type="stmt"/>
      <line num="11" count="25" type="stmt"/>
      <line num="12" count="25" type="stmt"/>
      <line num="16" count="30" type="stmt"/>
      <line num="20" count="1" type="stmt"/>
      <line num="24" count="7" type="cond" truecount="3" falsecount="0"/>
      <line num="28" count="33" type="cond" truecount="2" falsecount="0"/>
      <line num="29" count="18" type="stmt"/>
      <line num="31" count="33" type="cond" truecount="2" falsecount="0"/>
      <line num="32" count="18" type="stmt"/>
      <line num="34" count="33" type="cond" truecount="2" falsecount="0"/>
      <line num="35" count="18" type="stmt"/>
      <line num="40" count="31" type="cond" truecount="2" falsecount="0"/>
      <line num="41" count="17" type="stmt"/>
      <line num="42" count="1" type="stmt"/>
      <line num="43" count="1" type="stmt"/>
      <line num="49" count="16" type="stmt"/>
      <line num="50" count="16" type="stmt"/>
      <line num="51" count="16" type="cond" truecount="4" falsecount="0"/>
      <line num="52" count="13" type="stmt"/>
      <line num="55" count="3" type="stmt"/>
      <line num="57" count="16" type="stmt"/>
      <line num="61" count="4" type="stmt"/>
      <line num="62" count="4" type="stmt"/>
      <line num="63" count="15" type="stmt"/>
      <line num="68" count="28" type="cond" truecount="4" falsecount="0"/>
      <line num="70" count="27" type="stmt"/>
      <line num="71" count="27" type="cond" truecount="4" falsecount="0"/>
      <line num="72" count="1" type="stmt"/>
      <line num="74" count="1" type="stmt"/>
      <line num="75" count="1" type="cond" truecount="1" falsecount="1"/>
      <line num="76" count="1" type="stmt"/>
      <line num="77" count="1" type="stmt"/>
      <line num="80" count="26" type="stmt"/>
      <line num="83" count="0" type="stmt"/>
      <line num="88" count="27" type="stmt"/>
      <line num="89" count="27" type="stmt"/>
      <line num="97" count="1" type="stmt"/>
    </file>
    <file name="workspace.js" path="/home/konstantin/Dokumente/Dev/MOC/workflow_Tiling/lib/workspace.js">
      <metrics statements="20" coveredstatements="20" conditionals="8" coveredconditionals="7" methods="6" coveredmethods="6"/>
      <line num="8" count="22" type="stmt"/>
      <line num="9" count="22" type="stmt"/>
      <line num="10" count="22" type="stmt"/>
      <line num="17" count="31" type="stmt"/>
      <line num="18" count="31" type="cond" truecount="2" falsecount="0"/>
      <line num="19" count="30" type="stmt"/>
      <line num="27" count="11" type="stmt"/>
      <line num="28" count="11" type="stmt"/>
      <line num="35" count="33" type="stmt"/>
      <line num="36" count="33" type="stmt"/>
      <line num="38" count="33" type="cond" truecount="2" falsecount="0"/>
      <line num="40" count="28" type="stmt"/>
      <line num="41" count="28" type="cond" truecount="1" falsecount="1"/>
      <line num="43" count="28" type="stmt"/>
      <line num="45" count="35" type="stmt"/>
      <line num="46" count="35" type="stmt"/>
      <line num="47" count="35" type="stmt"/>
      <line num="55" count="75" type="cond" truecount="2" falsecount="0"/>
      <line num="56" count="26" type="stmt"/>
      <line num="58" count="75" type="stmt"/>
    </file>
  </project>
</coverage>
