{"/home/konstantin/Dokumente/Dev/MOC/workflow_Tiling/lib/controller.js": {"path":"/home/konstantin/Dokumente/Dev/MOC/workflow_Tiling/lib/controller.js","statementMap":{"0":{"start":{"line":14,"column":8},"end":{"line":14,"column":null}},"1":{"start":{"line":15,"column":8},"end":{"line":15,"column":null}},"2":{"start":{"line":16,"column":8},"end":{"line":16,"column":41}},"3":{"start":{"line":17,"column":8},"end":{"line":17,"column":41}},"4":{"start":{"line":18,"column":8},"end":{"line":18,"column":null}},"5":{"start":{"line":19,"column":8},"end":{"line":19,"column":null}},"6":{"start":{"line":20,"column":8},"end":{"line":20,"column":43}},"7":{"start":{"line":21,"column":8},"end":{"line":21,"column":43}},"8":{"start":{"line":22,"column":8},"end":{"line":22,"column":null}},"9":{"start":{"line":23,"column":8},"end":{"line":23,"column":null}},"10":{"start":{"line":27,"column":8},"end":{"line":38,"column":null}},"11":{"start":{"line":28,"column":28},"end":{"line":28,"column":64}},"12":{"start":{"line":29,"column":29},"end":{"line":29,"column":51}},"13":{"start":{"line":30,"column":12},"end":{"line":30,"column":null}},"14":{"start":{"line":31,"column":12},"end":{"line":31,"column":null}},"15":{"start":{"line":32,"column":12},"end":{"line":34,"column":null}},"16":{"start":{"line":32,"column":25},"end":{"line":32,"column":26}},"17":{"start":{"line":33,"column":16},"end":{"line":33,"column":null}},"18":{"start":{"line":35,"column":12},"end":{"line":35,"column":null}},"19":{"start":{"line":37,"column":12},"end":{"line":37,"column":null}},"20":{"start":{"line":41,"column":8},"end":{"line":51,"column":null}},"21":{"start":{"line":42,"column":28},"end":{"line":42,"column":64}},"22":{"start":{"line":43,"column":29},"end":{"line":43,"column":51}},"23":{"start":{"line":44,"column":28},"end":{"line":44,"column":50}},"24":{"start":{"line":45,"column":12},"end":{"line":48,"column":null}},"25":{"start":{"line":46,"column":16},"end":{"line":46,"column":null}},"26":{"start":{"line":46,"column":43},"end":{"line":46,"column":null}},"27":{"start":{"line":47,"column":16},"end":{"line":47,"column":null}},"28":{"start":{"line":47,"column":43},"end":{"line":47,"column":null}},"29":{"start":{"line":50,"column":12},"end":{"line":50,"column":null}},"30":{"start":{"line":52,"column":8},"end":{"line":52,"column":null}},"31":{"start":{"line":56,"column":8},"end":{"line":65,"column":null}},"32":{"start":{"line":57,"column":28},"end":{"line":57,"column":64}},"33":{"start":{"line":58,"column":29},"end":{"line":58,"column":51}},"34":{"start":{"line":59,"column":12},"end":{"line":62,"column":null}},"35":{"start":{"line":60,"column":27},"end":{"line":60,"column":105}},"36":{"start":{"line":61,"column":16},"end":{"line":61,"column":null}},"37":{"start":{"line":64,"column":12},"end":{"line":64,"column":null}},"38":{"start":{"line":69,"column":8},"end":{"line":77,"column":null}},"39":{"start":{"line":70,"column":28},"end":{"line":70,"column":64}},"40":{"start":{"line":71,"column":29},"end":{"line":71,"column":51}},"41":{"start":{"line":72,"column":12},"end":{"line":76,"column":null}},"42":{"start":{"line":72,"column":25},"end":{"line":72,"column":26}},"43":{"start":{"line":73,"column":26},"end":{"line":73,"column":37}},"44":{"start":{"line":74,"column":27},"end":{"line":74,"column":105}},"45":{"start":{"line":75,"column":16},"end":{"line":75,"column":null}},"46":{"start":{"line":75,"column":38},"end":{"line":75,"column":null}},"47":{"start":{"line":78,"column":8},"end":{"line":78,"column":null}},"48":{"start":{"line":86,"column":8},"end":{"line":86,"column":null}},"49":{"start":{"line":86,"column":41},"end":{"line":86,"column":null}},"50":{"start":{"line":88,"column":22},"end":{"line":88,"column":54}},"51":{"start":{"line":89,"column":8},"end":{"line":92,"column":null}},"52":{"start":{"line":90,"column":12},"end":{"line":90,"column":null}},"53":{"start":{"line":91,"column":12},"end":{"line":91,"column":null}},"54":{"start":{"line":94,"column":8},"end":{"line":94,"column":null}},"55":{"start":{"line":95,"column":8},"end":{"line":95,"column":null}},"56":{"start":{"line":98,"column":8},"end":{"line":172,"column":null}},"57":{"start":{"line":99,"column":28},"end":{"line":99,"column":80}},"58":{"start":{"line":100,"column":31},"end":{"line":100,"column":77}},"59":{"start":{"line":102,"column":12},"end":{"line":102,"column":null}},"60":{"start":{"line":102,"column":28},"end":{"line":102,"column":null}},"61":{"start":{"line":103,"column":12},"end":{"line":103,"column":null}},"62":{"start":{"line":103,"column":34},"end":{"line":103,"column":null}},"63":{"start":{"line":105,"column":12},"end":{"line":105,"column":null}},"64":{"start":{"line":105,"column":28},"end":{"line":105,"column":null}},"65":{"start":{"line":107,"column":32},"end":{"line":107,"column":66}},"66":{"start":{"line":110,"column":12},"end":{"line":118,"column":null}},"67":{"start":{"line":111,"column":16},"end":{"line":111,"column":null}},"68":{"start":{"line":114,"column":33},"end":{"line":114,"column":79}},"69":{"start":{"line":115,"column":16},"end":{"line":117,"column":null}},"70":{"start":{"line":116,"column":20},"end":{"line":116,"column":null}},"71":{"start":{"line":120,"column":30},"end":{"line":120,"column":62}},"72":{"start":{"line":121,"column":33},"end":{"line":121,"column":50}},"73":{"start":{"line":122,"column":33},"end":{"line":122,"column":50}},"74":{"start":{"line":125,"column":12},"end":{"line":154,"column":null}},"75":{"start":{"line":128,"column":16},"end":{"line":147,"column":null}},"76":{"start":{"line":130,"column":20},"end":{"line":130,"column":null}},"77":{"start":{"line":131,"column":20},"end":{"line":131,"column":43}},"78":{"start":{"line":132,"column":20},"end":{"line":132,"column":null}},"79":{"start":{"line":135,"column":20},"end":{"line":135,"column":null}},"80":{"start":{"line":137,"column":20},"end":{"line":140,"column":null}},"81":{"start":{"line":138,"column":40},"end":{"line":138,"column":75}},"82":{"start":{"line":139,"column":24},"end":{"line":139,"column":null}},"83":{"start":{"line":143,"column":20},"end":{"line":143,"column":null}},"84":{"start":{"line":144,"column":20},"end":{"line":144,"column":null}},"85":{"start":{"line":145,"column":20},"end":{"line":145,"column":null}},"86":{"start":{"line":146,"column":20},"end":{"line":146,"column":null}},"87":{"start":{"line":149,"column":16},"end":{"line":153,"column":null}},"88":{"start":{"line":150,"column":36},"end":{"line":150,"column":71}},"89":{"start":{"line":151,"column":20},"end":{"line":151,"column":null}},"90":{"start":{"line":152,"column":20},"end":{"line":152,"column":null}},"91":{"start":{"line":157,"column":12},"end":{"line":157,"column":null}},"92":{"start":{"line":158,"column":12},"end":{"line":158,"column":null}},"93":{"start":{"line":159,"column":12},"end":{"line":159,"column":null}},"94":{"start":{"line":161,"column":25},"end":{"line":161,"column":57}},"95":{"start":{"line":163,"column":12},"end":{"line":167,"column":null}},"96":{"start":{"line":164,"column":16},"end":{"line":164,"column":null}},"97":{"start":{"line":166,"column":16},"end":{"line":166,"column":null}},"98":{"start":{"line":169,"column":12},"end":{"line":169,"column":null}},"99":{"start":{"line":171,"column":12},"end":{"line":171,"column":null}},"100":{"start":{"line":179,"column":24},"end":{"line":179,"column":56}},"101":{"start":{"line":180,"column":8},"end":{"line":180,"column":null}},"102":{"start":{"line":180,"column":22},"end":{"line":180,"column":null}},"103":{"start":{"line":182,"column":8},"end":{"line":182,"column":null}},"104":{"start":{"line":183,"column":55},"end":{"line":183,"column":62}},"105":{"start":{"line":184,"column":8},"end":{"line":184,"column":null}},"106":{"start":{"line":186,"column":8},"end":{"line":194,"column":null}},"107":{"start":{"line":187,"column":12},"end":{"line":191,"column":null}},"108":{"start":{"line":188,"column":29},"end":{"line":188,"column":61}},"109":{"start":{"line":189,"column":16},"end":{"line":189,"column":null}},"110":{"start":{"line":190,"column":16},"end":{"line":190,"column":null}},"111":{"start":{"line":193,"column":12},"end":{"line":193,"column":null}},"112":{"start":{"line":198,"column":8},"end":{"line":198,"column":null}},"113":{"start":{"line":198,"column":29},"end":{"line":198,"column":null}},"114":{"start":{"line":200,"column":20},"end":{"line":200,"column":47}},"115":{"start":{"line":202,"column":8},"end":{"line":204,"column":null}},"116":{"start":{"line":203,"column":12},"end":{"line":203,"column":null}},"117":{"start":{"line":206,"column":26},"end":{"line":232,"column":10}},"118":{"start":{"line":207,"column":12},"end":{"line":229,"column":null}},"119":{"start":{"line":208,"column":16},"end":{"line":211,"column":null}},"120":{"start":{"line":209,"column":20},"end":{"line":209,"column":null}},"121":{"start":{"line":210,"column":20},"end":{"line":210,"column":null}},"122":{"start":{"line":214,"column":16},"end":{"line":217,"column":null}},"123":{"start":{"line":215,"column":20},"end":{"line":215,"column":null}},"124":{"start":{"line":216,"column":20},"end":{"line":216,"column":null}},"125":{"start":{"line":219,"column":36},"end":{"line":219,"column":85}},"126":{"start":{"line":220,"column":29},"end":{"line":220,"column":61}},"127":{"start":{"line":221,"column":35},"end":{"line":221,"column":83}},"128":{"start":{"line":223,"column":16},"end":{"line":226,"column":null}},"129":{"start":{"line":224,"column":33},"end":{"line":224,"column":68}},"130":{"start":{"line":225,"column":20},"end":{"line":225,"column":null}},"131":{"start":{"line":225,"column":30},"end":{"line":225,"column":null}},"132":{"start":{"line":228,"column":16},"end":{"line":228,"column":null}},"133":{"start":{"line":230,"column":12},"end":{"line":230,"column":null}},"134":{"start":{"line":231,"column":12},"end":{"line":231,"column":null}},"135":{"start":{"line":234,"column":8},"end":{"line":234,"column":null}},"136":{"start":{"line":239,"column":8},"end":{"line":239,"column":null}},"137":{"start":{"line":239,"column":42},"end":{"line":239,"column":null}},"138":{"start":{"line":240,"column":8},"end":{"line":240,"column":null}},"139":{"start":{"line":242,"column":8},"end":{"line":325,"column":null}},"140":{"start":{"line":243,"column":28},"end":{"line":243,"column":64}},"141":{"start":{"line":244,"column":29},"end":{"line":244,"column":51}},"142":{"start":{"line":245,"column":40},"end":{"line":245,"column":55}},"143":{"start":{"line":247,"column":12},"end":{"line":247,"column":null}},"144":{"start":{"line":250,"column":12},"end":{"line":319,"column":null}},"145":{"start":{"line":251,"column":16},"end":{"line":251,"column":null}},"146":{"start":{"line":252,"column":16},"end":{"line":317,"column":null}},"147":{"start":{"line":253,"column":20},"end":{"line":253,"column":null}},"148":{"start":{"line":254,"column":20},"end":{"line":254,"column":null}},"149":{"start":{"line":255,"column":20},"end":{"line":257,"column":21}},"150":{"start":{"line":256,"column":24},"end":{"line":256,"column":55}},"151":{"start":{"line":260,"column":46},"end":{"line":260,"column":55}},"152":{"start":{"line":261,"column":20},"end":{"line":263,"column":null}},"153":{"start":{"line":261,"column":33},"end":{"line":261,"column":34}},"154":{"start":{"line":262,"column":24},"end":{"line":262,"column":null}},"155":{"start":{"line":266,"column":20},"end":{"line":292,"column":null}},"156":{"start":{"line":268,"column":46},"end":{"line":268,"column":113}},"157":{"start":{"line":268,"column":82},"end":{"line":268,"column":112}},"158":{"start":{"line":269,"column":48},"end":{"line":269,"column":137}},"159":{"start":{"line":270,"column":44},"end":{"line":270,"column":82}},"160":{"start":{"line":272,"column":46},"end":{"line":272,"column":73}},"161":{"start":{"line":273,"column":24},"end":{"line":273,"column":null}},"162":{"start":{"line":275,"column":24},"end":{"line":290,"column":null}},"163":{"start":{"line":276,"column":28},"end":{"line":289,"column":null}},"164":{"start":{"line":278,"column":32},"end":{"line":278,"column":null}},"165":{"start":{"line":281,"column":48},"end":{"line":281,"column":77}},"166":{"start":{"line":282,"column":32},"end":{"line":285,"column":null}},"167":{"start":{"line":283,"column":36},"end":{"line":283,"column":null}},"168":{"start":{"line":284,"column":36},"end":{"line":284,"column":null}},"169":{"start":{"line":288,"column":32},"end":{"line":288,"column":null}},"170":{"start":{"line":291,"column":24},"end":{"line":291,"column":null}},"171":{"start":{"line":294,"column":38},"end":{"line":294,"column":85}},"172":{"start":{"line":295,"column":20},"end":{"line":295,"column":null}},"173":{"start":{"line":295,"column":36},"end":{"line":295,"column":null}},"174":{"start":{"line":297,"column":20},"end":{"line":297,"column":null}},"175":{"start":{"line":299,"column":36},"end":{"line":299,"column":60}},"176":{"start":{"line":301,"column":43},"end":{"line":301,"column":104}},"177":{"start":{"line":301,"column":83},"end":{"line":301,"column":103}},"178":{"start":{"line":302,"column":39},"end":{"line":302,"column":70}},"179":{"start":{"line":304,"column":20},"end":{"line":308,"column":null}},"180":{"start":{"line":305,"column":24},"end":{"line":307,"column":null}},"181":{"start":{"line":306,"column":28},"end":{"line":306,"column":null}},"182":{"start":{"line":310,"column":20},"end":{"line":310,"column":null}},"183":{"start":{"line":311,"column":20},"end":{"line":311,"column":null}},"184":{"start":{"line":314,"column":20},"end":{"line":314,"column":null}},"185":{"start":{"line":315,"column":20},"end":{"line":315,"column":null}},"186":{"start":{"line":316,"column":20},"end":{"line":316,"column":null}},"187":{"start":{"line":318,"column":16},"end":{"line":318,"column":null}},"188":{"start":{"line":322,"column":12},"end":{"line":322,"column":null}},"189":{"start":{"line":323,"column":12},"end":{"line":323,"column":null}},"190":{"start":{"line":324,"column":12},"end":{"line":324,"column":null}},"191":{"start":{"line":329,"column":8},"end":{"line":331,"column":null}},"192":{"start":{"line":330,"column":12},"end":{"line":330,"column":null}},"193":{"start":{"line":332,"column":8},"end":{"line":332,"column":null}},"194":{"start":{"line":336,"column":8},"end":{"line":336,"column":null}},"195":{"start":{"line":336,"column":43},"end":{"line":336,"column":84}},"196":{"start":{"line":337,"column":8},"end":{"line":337,"column":null}},"197":{"start":{"line":338,"column":8},"end":{"line":340,"column":null}},"198":{"start":{"line":339,"column":12},"end":{"line":339,"column":null}},"199":{"start":{"line":341,"column":8},"end":{"line":341,"column":null}},"200":{"start":{"line":342,"column":8},"end":{"line":342,"column":null}},"201":{"start":{"line":343,"column":8},"end":{"line":343,"column":null}},"202":{"start":{"line":344,"column":8},"end":{"line":344,"column":null}},"203":{"start":{"line":345,"column":8},"end":{"line":345,"column":null}}},"fnMap":{"0":{"name":"(anonymous_0)","decl":{"start":{"line":13,"column":4},"end":{"line":13,"column":15}},"loc":{"start":{"line":13,"column":18},"end":{"line":24,"column":null}},"line":13},"1":{"name":"(anonymous_1)","decl":{"start":{"line":26,"column":4},"end":{"line":26,"column":26}},"loc":{"start":{"line":26,"column":29},"end":{"line":39,"column":null}},"line":26},"2":{"name":"(anonymous_2)","decl":{"start":{"line":40,"column":4},"end":{"line":40,"column":17}},"loc":{"start":{"line":40,"column":32},"end":{"line":53,"column":null}},"line":40},"3":{"name":"(anonymous_3)","decl":{"start":{"line":55,"column":4},"end":{"line":55,"column":18}},"loc":{"start":{"line":55,"column":30},"end":{"line":66,"column":null}},"line":55},"4":{"name":"(anonymous_4)","decl":{"start":{"line":59,"column":33},"end":{"line":59,"column":34}},"loc":{"start":{"line":59,"column":38},"end":{"line":62,"column":13}},"line":59},"5":{"name":"(anonymous_5)","decl":{"start":{"line":68,"column":4},"end":{"line":68,"column":20}},"loc":{"start":{"line":68,"column":32},"end":{"line":79,"column":null}},"line":68},"6":{"name":"(anonymous_6)","decl":{"start":{"line":85,"column":4},"end":{"line":85,"column":17}},"loc":{"start":{"line":85,"column":26},"end":{"line":173,"column":null}},"line":85},"7":{"name":"(anonymous_7)","decl":{"start":{"line":178,"column":4},"end":{"line":178,"column":10}},"loc":{"start":{"line":178,"column":19},"end":{"line":195,"column":null}},"line":178},"8":{"name":"(anonymous_8)","decl":{"start":{"line":197,"column":4},"end":{"line":197,"column":19}},"loc":{"start":{"line":197,"column":56},"end":{"line":235,"column":null}},"line":197},"9":{"name":"(anonymous_9)","decl":{"start":{"line":206,"column":91},"end":{"line":206,"column":92}},"loc":{"start":{"line":206,"column":97},"end":{"line":232,"column":9}},"line":206},"10":{"name":"(anonymous_10)","decl":{"start":{"line":223,"column":35},"end":{"line":223,"column":37}},"loc":{"start":{"line":223,"column":41},"end":{"line":226,"column":17}},"line":223},"11":{"name":"(anonymous_11)","decl":{"start":{"line":237,"column":4},"end":{"line":237,"column":25}},"loc":{"start":{"line":237,"column":28},"end":{"line":326,"column":null}},"line":237},"12":{"name":"(anonymous_12)","decl":{"start":{"line":250,"column":77},"end":{"line":250,"column":78}},"loc":{"start":{"line":250,"column":83},"end":{"line":319,"column":13}},"line":250},"13":{"name":"(anonymous_13)","decl":{"start":{"line":268,"column":76},"end":{"line":268,"column":78}},"loc":{"start":{"line":268,"column":82},"end":{"line":268,"column":112}},"line":268},"14":{"name":"(anonymous_14)","decl":{"start":{"line":301,"column":78},"end":{"line":301,"column":79}},"loc":{"start":{"line":301,"column":83},"end":{"line":301,"column":103}},"line":301},"15":{"name":"(anonymous_15)","decl":{"start":{"line":304,"column":39},"end":{"line":304,"column":45}},"loc":{"start":{"line":304,"column":49},"end":{"line":308,"column":21}},"line":304},"16":{"name":"(anonymous_16)","decl":{"start":{"line":328,"column":4},"end":{"line":328,"column":20}},"loc":{"start":{"line":328,"column":32},"end":{"line":333,"column":null}},"line":328},"17":{"name":"(anonymous_17)","decl":{"start":{"line":335,"column":4},"end":{"line":335,"column":9}},"loc":{"start":{"line":335,"column":12},"end":{"line":346,"column":null}},"line":335},"18":{"name":"(anonymous_18)","decl":{"start":{"line":336,"column":37},"end":{"line":336,"column":39}},"loc":{"start":{"line":336,"column":43},"end":{"line":336,"column":84}},"line":336},"19":{"name":"(anonymous_19)","decl":{"start":{"line":338,"column":37},"end":{"line":338,"column":38}},"loc":{"start":{"line":338,"column":55},"end":{"line":340,"column":9}},"line":338}},"branchMap":{"0":{"loc":{"start":{"line":45,"column":12},"end":{"line":48,"column":null}},"type":"if","locations":[{"start":{"line":45,"column":12},"end":{"line":48,"column":null}},{"start":{},"end":{}}],"line":45},"1":{"loc":{"start":{"line":46,"column":16},"end":{"line":46,"column":null}},"type":"if","locations":[{"start":{"line":46,"column":16},"end":{"line":46,"column":null}},{"start":{},"end":{}}],"line":46},"2":{"loc":{"start":{"line":46,"column":50},"end":{"line":46,"column":100}},"type":"binary-expr","locations":[{"start":{"line":46,"column":50},"end":{"line":46,"column":73}},{"start":{"line":46,"column":77},"end":{"line":46,"column":100}}],"line":46},"3":{"loc":{"start":{"line":47,"column":16},"end":{"line":47,"column":null}},"type":"if","locations":[{"start":{"line":47,"column":16},"end":{"line":47,"column":null}},{"start":{},"end":{}}],"line":47},"4":{"loc":{"start":{"line":60,"column":27},"end":{"line":60,"column":105}},"type":"cond-expr","locations":[{"start":{"line":60,"column":46},"end":{"line":60,"column":84}},{"start":{"line":60,"column":88},"end":{"line":60,"column":105}}],"line":60},"5":{"loc":{"start":{"line":60,"column":46},"end":{"line":60,"column":84}},"type":"binary-expr","locations":[{"start":{"line":60,"column":46},"end":{"line":60,"column":63}},{"start":{"line":60,"column":67},"end":{"line":60,"column":84}}],"line":60},"6":{"loc":{"start":{"line":74,"column":27},"end":{"line":74,"column":105}},"type":"cond-expr","locations":[{"start":{"line":74,"column":46},"end":{"line":74,"column":84}},{"start":{"line":74,"column":88},"end":{"line":74,"column":105}}],"line":74},"7":{"loc":{"start":{"line":74,"column":46},"end":{"line":74,"column":84}},"type":"binary-expr","locations":[{"start":{"line":74,"column":46},"end":{"line":74,"column":63}},{"start":{"line":74,"column":67},"end":{"line":74,"column":84}}],"line":74},"8":{"loc":{"start":{"line":75,"column":16},"end":{"line":75,"column":null}},"type":"if","locations":[{"start":{"line":75,"column":16},"end":{"line":75,"column":null}},{"start":{},"end":{}}],"line":75},"9":{"loc":{"start":{"line":86,"column":8},"end":{"line":86,"column":null}},"type":"if","locations":[{"start":{"line":86,"column":8},"end":{"line":86,"column":null}},{"start":{},"end":{}}],"line":86},"10":{"loc":{"start":{"line":86,"column":12},"end":{"line":86,"column":39}},"type":"binary-expr","locations":[{"start":{"line":86,"column":12},"end":{"line":86,"column":19}},{"start":{"line":86,"column":23},"end":{"line":86,"column":39}}],"line":86},"11":{"loc":{"start":{"line":89,"column":8},"end":{"line":92,"column":null}},"type":"if","locations":[{"start":{"line":89,"column":8},"end":{"line":92,"column":null}},{"start":{},"end":{}}],"line":89},"12":{"loc":{"start":{"line":99,"column":28},"end":{"line":99,"column":80}},"type":"cond-expr","locations":[{"start":{"line":99,"column":51},"end":{"line":99,"column":73}},{"start":{"line":99,"column":76},"end":{"line":99,"column":80}}],"line":99},"13":{"loc":{"start":{"line":100,"column":31},"end":{"line":100,"column":77}},"type":"cond-expr","locations":[{"start":{"line":100,"column":52},"end":{"line":100,"column":72}},{"start":{"line":100,"column":75},"end":{"line":100,"column":77}}],"line":100},"14":{"loc":{"start":{"line":102,"column":12},"end":{"line":102,"column":null}},"type":"if","locations":[{"start":{"line":102,"column":12},"end":{"line":102,"column":null}},{"start":{},"end":{}}],"line":102},"15":{"loc":{"start":{"line":103,"column":12},"end":{"line":103,"column":null}},"type":"if","locations":[{"start":{"line":103,"column":12},"end":{"line":103,"column":null}},{"start":{},"end":{}}],"line":103},"16":{"loc":{"start":{"line":105,"column":12},"end":{"line":105,"column":null}},"type":"if","locations":[{"start":{"line":105,"column":12},"end":{"line":105,"column":null}},{"start":{},"end":{}}],"line":105},"17":{"loc":{"start":{"line":110,"column":12},"end":{"line":118,"column":null}},"type":"if","locations":[{"start":{"line":110,"column":12},"end":{"line":118,"column":null}},{"start":{},"end":{}}],"line":110},"18":{"loc":{"start":{"line":114,"column":33},"end":{"line":114,"column":79}},"type":"cond-expr","locations":[{"start":{"line":114,"column":54},"end":{"line":114,"column":74}},{"start":{"line":114,"column":77},"end":{"line":114,"column":79}}],"line":114},"19":{"loc":{"start":{"line":115,"column":16},"end":{"line":117,"column":null}},"type":"if","locations":[{"start":{"line":115,"column":16},"end":{"line":117,"column":null}},{"start":{},"end":{}}],"line":115},"20":{"loc":{"start":{"line":115,"column":20},"end":{"line":115,"column":76}},"type":"binary-expr","locations":[{"start":{"line":115,"column":20},"end":{"line":115,"column":37}},{"start":{"line":115,"column":41},"end":{"line":115,"column":76}}],"line":115},"21":{"loc":{"start":{"line":125,"column":12},"end":{"line":154,"column":null}},"type":"if","locations":[{"start":{"line":125,"column":12},"end":{"line":154,"column":null}},{"start":{},"end":{}}],"line":125},"22":{"loc":{"start":{"line":125,"column":16},"end":{"line":125,"column":90}},"type":"binary-expr","locations":[{"start":{"line":125,"column":16},"end":{"line":125,"column":28}},{"start":{"line":125,"column":33},"end":{"line":125,"column":59}},{"start":{"line":125,"column":63},"end":{"line":125,"column":89}}],"line":125},"23":{"loc":{"start":{"line":128,"column":16},"end":{"line":147,"column":null}},"type":"if","locations":[{"start":{"line":128,"column":16},"end":{"line":147,"column":null}},{"start":{},"end":{}}],"line":128},"24":{"loc":{"start":{"line":128,"column":20},"end":{"line":129,"column":58}},"type":"binary-expr","locations":[{"start":{"line":128,"column":20},"end":{"line":128,"column":32}},{"start":{"line":128,"column":36},"end":{"line":128,"column":62}},{"start":{"line":128,"column":66},"end":{"line":128,"column":null}},{"start":{"line":129,"column":23},"end":{"line":129,"column":58}}],"line":128},"25":{"loc":{"start":{"line":163,"column":12},"end":{"line":167,"column":null}},"type":"if","locations":[{"start":{"line":163,"column":12},"end":{"line":167,"column":null}},{"start":{"line":165,"column":19},"end":{"line":167,"column":null}}],"line":163},"26":{"loc":{"start":{"line":163,"column":16},"end":{"line":163,"column":48}},"type":"binary-expr","locations":[{"start":{"line":163,"column":16},"end":{"line":163,"column":32}},{"start":{"line":163,"column":36},"end":{"line":163,"column":48}}],"line":163},"27":{"loc":{"start":{"line":180,"column":8},"end":{"line":180,"column":null}},"type":"if","locations":[{"start":{"line":180,"column":8},"end":{"line":180,"column":null}},{"start":{},"end":{}}],"line":180},"28":{"loc":{"start":{"line":187,"column":12},"end":{"line":191,"column":null}},"type":"if","locations":[{"start":{"line":187,"column":12},"end":{"line":191,"column":null}},{"start":{},"end":{}}],"line":187},"29":{"loc":{"start":{"line":198,"column":8},"end":{"line":198,"column":null}},"type":"if","locations":[{"start":{"line":198,"column":8},"end":{"line":198,"column":null}},{"start":{},"end":{}}],"line":198},"30":{"loc":{"start":{"line":202,"column":8},"end":{"line":204,"column":null}},"type":"if","locations":[{"start":{"line":202,"column":8},"end":{"line":204,"column":null}},{"start":{},"end":{}}],"line":202},"31":{"loc":{"start":{"line":208,"column":16},"end":{"line":211,"column":null}},"type":"if","locations":[{"start":{"line":208,"column":16},"end":{"line":211,"column":null}},{"start":{},"end":{}}],"line":208},"32":{"loc":{"start":{"line":208,"column":20},"end":{"line":208,"column":70}},"type":"binary-expr","locations":[{"start":{"line":208,"column":20},"end":{"line":208,"column":30}},{"start":{"line":208,"column":34},"end":{"line":208,"column":70}}],"line":208},"33":{"loc":{"start":{"line":214,"column":16},"end":{"line":217,"column":null}},"type":"if","locations":[{"start":{"line":214,"column":16},"end":{"line":217,"column":null}},{"start":{},"end":{}}],"line":214},"34":{"loc":{"start":{"line":225,"column":20},"end":{"line":225,"column":null}},"type":"if","locations":[{"start":{"line":225,"column":20},"end":{"line":225,"column":null}},{"start":{},"end":{}}],"line":225},"35":{"loc":{"start":{"line":239,"column":8},"end":{"line":239,"column":null}},"type":"if","locations":[{"start":{"line":239,"column":8},"end":{"line":239,"column":null}},{"start":{},"end":{}}],"line":239},"36":{"loc":{"start":{"line":255,"column":20},"end":{"line":257,"column":21}},"type":"if","locations":[{"start":{"line":255,"column":20},"end":{"line":257,"column":21}},{"start":{},"end":{}}],"line":255},"37":{"loc":{"start":{"line":266,"column":20},"end":{"line":292,"column":null}},"type":"if","locations":[{"start":{"line":266,"column":20},"end":{"line":292,"column":null}},{"start":{},"end":{}}],"line":266},"38":{"loc":{"start":{"line":266,"column":24},"end":{"line":266,"column":103}},"type":"binary-expr","locations":[{"start":{"line":266,"column":24},"end":{"line":266,"column":68}},{"start":{"line":266,"column":72},"end":{"line":266,"column":103}}],"line":266},"39":{"loc":{"start":{"line":269,"column":48},"end":{"line":269,"column":137}},"type":"cond-expr","locations":[{"start":{"line":269,"column":75},"end":{"line":269,"column":91}},{"start":{"line":269,"column":94},"end":{"line":269,"column":137}}],"line":269},"40":{"loc":{"start":{"line":276,"column":28},"end":{"line":289,"column":null}},"type":"if","locations":[{"start":{"line":276,"column":28},"end":{"line":289,"column":null}},{"start":{},"end":{}}],"line":276},"41":{"loc":{"start":{"line":276,"column":32},"end":{"line":276,"column":53}},"type":"binary-expr","locations":[{"start":{"line":276,"column":32},"end":{"line":276,"column":35}},{"start":{"line":276,"column":39},"end":{"line":276,"column":53}}],"line":276},"42":{"loc":{"start":{"line":282,"column":32},"end":{"line":285,"column":null}},"type":"if","locations":[{"start":{"line":282,"column":32},"end":{"line":285,"column":null}},{"start":{},"end":{}}],"line":282},"43":{"loc":{"start":{"line":295,"column":20},"end":{"line":295,"column":null}},"type":"if","locations":[{"start":{"line":295,"column":20},"end":{"line":295,"column":null}},{"start":{},"end":{}}],"line":295},"44":{"loc":{"start":{"line":305,"column":24},"end":{"line":307,"column":null}},"type":"if","locations":[{"start":{"line":305,"column":24},"end":{"line":307,"column":null}},{"start":{},"end":{}}],"line":305},"45":{"loc":{"start":{"line":305,"column":28},"end":{"line":305,"column":55}},"type":"binary-expr","locations":[{"start":{"line":305,"column":28},"end":{"line":305,"column":34}},{"start":{"line":305,"column":38},"end":{"line":305,"column":55}}],"line":305},"46":{"loc":{"start":{"line":329,"column":8},"end":{"line":331,"column":null}},"type":"if","locations":[{"start":{"line":329,"column":8},"end":{"line":331,"column":null}},{"start":{},"end":{}}],"line":329}},"s":{"0":16,"1":16,"2":16,"3":16,"4":16,"5":16,"6":16,"7":16,"8":16,"9":16,"10":16,"11":16,"12":16,"13":16,"14":16,"15":16,"16":16,"17":30,"18":15,"19":1,"20":89,"21":89,"22":89,"23":89,"24":89,"25":89,"26":89,"27":0,"28":0,"29":0,"30":0,"31":3,"32":3,"33":3,"34":3,"35":3,"36":3,"37":0,"38":1,"39":1,"40":1,"41":1,"42":1,"43":2,"44":2,"45":2,"46":1,"47":0,"48":29,"49":0,"50":29,"51":29,"52":15,"53":15,"54":29,"55":29,"56":29,"57":29,"58":29,"59":29,"60":1,"61":28,"62":28,"63":28,"64":0,"65":28,"66":28,"67":1,"68":1,"69":1,"70":0,"71":28,"72":28,"73":28,"74":28,"75":4,"76":3,"77":3,"78":3,"79":3,"80":3,"81":3,"82":3,"83":3,"84":3,"85":3,"86":3,"87":1,"88":1,"89":1,"90":1,"91":25,"92":25,"93":25,"94":25,"95":25,"96":6,"97":19,"98":25,"99":1,"100":1,"101":1,"102":0,"103":1,"104":1,"105":1,"106":1,"107":1,"108":1,"109":1,"110":1,"111":1,"112":26,"113":1,"114":25,"115":25,"116":11,"117":25,"118":25,"119":25,"120":0,"121":0,"122":25,"123":0,"124":0,"125":25,"126":25,"127":25,"128":25,"129":24,"130":24,"131":24,"132":0,"133":25,"134":25,"135":25,"136":5,"137":0,"138":5,"139":5,"140":5,"141":5,"142":5,"143":5,"144":5,"145":4,"146":4,"147":4,"148":4,"149":4,"150":2,"151":4,"152":4,"153":4,"154":6,"155":4,"156":1,"157":2,"158":1,"159":1,"160":1,"161":1,"162":1,"163":1,"164":1,"165":1,"166":1,"167":1,"168":1,"169":1,"170":1,"171":4,"172":4,"173":0,"174":4,"175":4,"176":4,"177":1,"178":4,"179":4,"180":3,"181":3,"182":4,"183":4,"184":0,"185":0,"186":0,"187":4,"188":1,"189":1,"190":1,"191":61,"192":17,"193":61,"194":1,"195":1,"196":1,"197":1,"198":1,"199":1,"200":1,"201":1,"202":1,"203":1},"f":{"0":16,"1":16,"2":89,"3":3,"4":3,"5":1,"6":29,"7":1,"8":26,"9":25,"10":24,"11":5,"12":4,"13":2,"14":1,"15":3,"16":61,"17":1,"18":1,"19":1},"b":{"0":[89,0],"1":[89,0],"2":[89,0],"3":[0,0],"4":[3,0],"5":[3,0],"6":[2,0],"7":[2,0],"8":[1,1],"9":[0,29],"10":[29,29],"11":[15,14],"12":[29,0],"13":[29,0],"14":[1,28],"15":[0,28],"16":[0,28],"17":[1,27],"18":[1,0],"19":[0,1],"20":[1,0],"21":[4,24],"22":[28,14,13],"23":[3,1],"24":[4,4,3,3],"25":[6,19],"26":[25,7],"27":[0,1],"28":[1,0],"29":[1,25],"30":[11,14],"31":[0,25],"32":[25,25],"33":[0,25],"34":[24,0],"35":[0,5],"36":[2,2],"37":[1,3],"38":[4,1],"39":[1,0],"40":[1,0],"41":[1,1],"42":[1,0],"43":[0,4],"44":[3,0],"45":[3,3],"46":[17,44]},"meta":{"lastBranch":47,"lastFunction":20,"lastStatement":204,"seen":{"f:13:4:13:15":0,"s:14:8:14:Infinity":0,"s:15:8:15:Infinity":1,"s:16:8:16:41":2,"s:17:8:17:41":3,"s:18:8:18:Infinity":4,"s:19:8:19:Infinity":5,"s:20:8:20:43":6,"s:21:8:21:43":7,"s:22:8:22:Infinity":8,"s:23:8:23:Infinity":9,"f:26:4:26:26":1,"s:27:8:38:Infinity":10,"s:28:28:28:64":11,"s:29:29:29:51":12,"s:30:12:30:Infinity":13,"s:31:12:31:Infinity":14,"s:32:12:34:Infinity":15,"s:32:25:32:26":16,"s:33:16:33:Infinity":17,"s:35:12:35:Infinity":18,"s:37:12:37:Infinity":19,"f:40:4:40:17":2,"s:41:8:51:Infinity":20,"s:42:28:42:64":21,"s:43:29:43:51":22,"s:44:28:44:50":23,"b:45:12:48:Infinity:undefined:undefined:undefined:undefined":0,"s:45:12:48:Infinity":24,"b:46:16:46:Infinity:undefined:undefined:undefined:undefined":1,"s:46:16:46:Infinity":25,"s:46:43:46:Infinity":26,"b:46:50:46:73:46:77:46:100":2,"b:47:16:47:Infinity:undefined:undefined:undefined:undefined":3,"s:47:16:47:Infinity":27,"s:47:43:47:Infinity":28,"s:50:12:50:Infinity":29,"s:52:8:52:Infinity":30,"f:55:4:55:18":3,"s:56:8:65:Infinity":31,"s:57:28:57:64":32,"s:58:29:58:51":33,"s:59:12:62:Infinity":34,"f:59:33:59:34":4,"s:60:27:60:105":35,"b:60:46:60:84:60:88:60:105":4,"b:60:46:60:63:60:67:60:84":5,"s:61:16:61:Infinity":36,"s:64:12:64:Infinity":37,"f:68:4:68:20":5,"s:69:8:77:Infinity":38,"s:70:28:70:64":39,"s:71:29:71:51":40,"s:72:12:76:Infinity":41,"s:72:25:72:26":42,"s:73:26:73:37":43,"s:74:27:74:105":44,"b:74:46:74:84:74:88:74:105":6,"b:74:46:74:63:74:67:74:84":7,"b:75:16:75:Infinity:undefined:undefined:undefined:undefined":8,"s:75:16:75:Infinity":45,"s:75:38:75:Infinity":46,"s:78:8:78:Infinity":47,"f:85:4:85:17":6,"b:86:8:86:Infinity:undefined:undefined:undefined:undefined":9,"s:86:8:86:Infinity":48,"b:86:12:86:19:86:23:86:39":10,"s:86:41:86:Infinity":49,"s:88:22:88:54":50,"b:89:8:92:Infinity:undefined:undefined:undefined:undefined":11,"s:89:8:92:Infinity":51,"s:90:12:90:Infinity":52,"s:91:12:91:Infinity":53,"s:94:8:94:Infinity":54,"s:95:8:95:Infinity":55,"s:98:8:172:Infinity":56,"s:99:28:99:80":57,"b:99:51:99:73:99:76:99:80":12,"s:100:31:100:77":58,"b:100:52:100:72:100:75:100:77":13,"b:102:12:102:Infinity:undefined:undefined:undefined:undefined":14,"s:102:12:102:Infinity":59,"s:102:28:102:Infinity":60,"b:103:12:103:Infinity:undefined:undefined:undefined:undefined":15,"s:103:12:103:Infinity":61,"s:103:34:103:Infinity":62,"b:105:12:105:Infinity:undefined:undefined:undefined:undefined":16,"s:105:12:105:Infinity":63,"s:105:28:105:Infinity":64,"s:107:32:107:66":65,"b:110:12:118:Infinity:undefined:undefined:undefined:undefined":17,"s:110:12:118:Infinity":66,"s:111:16:111:Infinity":67,"s:114:33:114:79":68,"b:114:54:114:74:114:77:114:79":18,"b:115:16:117:Infinity:undefined:undefined:undefined:undefined":19,"s:115:16:117:Infinity":69,"b:115:20:115:37:115:41:115:76":20,"s:116:20:116:Infinity":70,"s:120:30:120:62":71,"s:121:33:121:50":72,"s:122:33:122:50":73,"b:125:12:154:Infinity:undefined:undefined:undefined:undefined":21,"s:125:12:154:Infinity":74,"b:125:16:125:28:125:33:125:59:125:63:125:89":22,"b:128:16:147:Infinity:undefined:undefined:undefined:undefined":23,"s:128:16:147:Infinity":75,"b:128:20:128:32:128:36:128:62:128:66:128:Infinity:129:23:129:58":24,"s:130:20:130:Infinity":76,"s:131:20:131:43":77,"s:132:20:132:Infinity":78,"s:135:20:135:Infinity":79,"s:137:20:140:Infinity":80,"s:138:40:138:75":81,"s:139:24:139:Infinity":82,"s:143:20:143:Infinity":83,"s:144:20:144:Infinity":84,"s:145:20:145:Infinity":85,"s:146:20:146:Infinity":86,"s:149:16:153:Infinity":87,"s:150:36:150:71":88,"s:151:20:151:Infinity":89,"s:152:20:152:Infinity":90,"s:157:12:157:Infinity":91,"s:158:12:158:Infinity":92,"s:159:12:159:Infinity":93,"s:161:25:161:57":94,"b:163:12:167:Infinity:165:19:167:Infinity":25,"s:163:12:167:Infinity":95,"b:163:16:163:32:163:36:163:48":26,"s:164:16:164:Infinity":96,"s:166:16:166:Infinity":97,"s:169:12:169:Infinity":98,"s:171:12:171:Infinity":99,"f:178:4:178:10":7,"s:179:24:179:56":100,"b:180:8:180:Infinity:undefined:undefined:undefined:undefined":27,"s:180:8:180:Infinity":101,"s:180:22:180:Infinity":102,"s:182:8:182:Infinity":103,"s:183:55:183:62":104,"s:184:8:184:Infinity":105,"s:186:8:194:Infinity":106,"b:187:12:191:Infinity:undefined:undefined:undefined:undefined":28,"s:187:12:191:Infinity":107,"s:188:29:188:61":108,"s:189:16:189:Infinity":109,"s:190:16:190:Infinity":110,"s:193:12:193:Infinity":111,"f:197:4:197:19":8,"b:198:8:198:Infinity:undefined:undefined:undefined:undefined":29,"s:198:8:198:Infinity":112,"s:198:29:198:Infinity":113,"s:200:20:200:47":114,"b:202:8:204:Infinity:undefined:undefined:undefined:undefined":30,"s:202:8:204:Infinity":115,"s:203:12:203:Infinity":116,"s:206:26:232:10":117,"f:206:91:206:92":9,"s:207:12:229:Infinity":118,"b:208:16:211:Infinity:undefined:undefined:undefined:undefined":31,"s:208:16:211:Infinity":119,"b:208:20:208:30:208:34:208:70":32,"s:209:20:209:Infinity":120,"s:210:20:210:Infinity":121,"b:214:16:217:Infinity:undefined:undefined:undefined:undefined":33,"s:214:16:217:Infinity":122,"s:215:20:215:Infinity":123,"s:216:20:216:Infinity":124,"s:219:36:219:85":125,"s:220:29:220:61":126,"s:221:35:221:83":127,"s:223:16:226:Infinity":128,"f:223:35:223:37":10,"s:224:33:224:68":129,"b:225:20:225:Infinity:undefined:undefined:undefined:undefined":34,"s:225:20:225:Infinity":130,"s:225:30:225:Infinity":131,"s:228:16:228:Infinity":132,"s:230:12:230:Infinity":133,"s:231:12:231:Infinity":134,"s:234:8:234:Infinity":135,"f:237:4:237:25":11,"b:239:8:239:Infinity:undefined:undefined:undefined:undefined":35,"s:239:8:239:Infinity":136,"s:239:42:239:Infinity":137,"s:240:8:240:Infinity":138,"s:242:8:325:Infinity":139,"s:243:28:243:64":140,"s:244:29:244:51":141,"s:245:40:245:55":142,"s:247:12:247:Infinity":143,"s:250:12:319:Infinity":144,"f:250:77:250:78":12,"s:251:16:251:Infinity":145,"s:252:16:317:Infinity":146,"s:253:20:253:Infinity":147,"s:254:20:254:Infinity":148,"b:255:20:257:21:undefined:undefined:undefined:undefined":36,"s:255:20:257:21":149,"s:256:24:256:55":150,"s:260:46:260:55":151,"s:261:20:263:Infinity":152,"s:261:33:261:34":153,"s:262:24:262:Infinity":154,"b:266:20:292:Infinity:undefined:undefined:undefined:undefined":37,"s:266:20:292:Infinity":155,"b:266:24:266:68:266:72:266:103":38,"s:268:46:268:113":156,"f:268:76:268:78":13,"s:268:82:268:112":157,"s:269:48:269:137":158,"b:269:75:269:91:269:94:269:137":39,"s:270:44:270:82":159,"s:272:46:272:73":160,"s:273:24:273:Infinity":161,"s:275:24:290:Infinity":162,"b:276:28:289:Infinity:undefined:undefined:undefined:undefined":40,"s:276:28:289:Infinity":163,"b:276:32:276:35:276:39:276:53":41,"s:278:32:278:Infinity":164,"s:281:48:281:77":165,"b:282:32:285:Infinity:undefined:undefined:undefined:undefined":42,"s:282:32:285:Infinity":166,"s:283:36:283:Infinity":167,"s:284:36:284:Infinity":168,"s:288:32:288:Infinity":169,"s:291:24:291:Infinity":170,"s:294:38:294:85":171,"b:295:20:295:Infinity:undefined:undefined:undefined:undefined":43,"s:295:20:295:Infinity":172,"s:295:36:295:Infinity":173,"s:297:20:297:Infinity":174,"s:299:36:299:60":175,"s:301:43:301:104":176,"f:301:78:301:79":14,"s:301:83:301:103":177,"s:302:39:302:70":178,"s:304:20:308:Infinity":179,"f:304:39:304:45":15,"b:305:24:307:Infinity:undefined:undefined:undefined:undefined":44,"s:305:24:307:Infinity":180,"b:305:28:305:34:305:38:305:55":45,"s:306:28:306:Infinity":181,"s:310:20:310:Infinity":182,"s:311:20:311:Infinity":183,"s:314:20:314:Infinity":184,"s:315:20:315:Infinity":185,"s:316:20:316:Infinity":186,"s:318:16:318:Infinity":187,"s:322:12:322:Infinity":188,"s:323:12:323:Infinity":189,"s:324:12:324:Infinity":190,"f:328:4:328:20":16,"b:329:8:331:Infinity:undefined:undefined:undefined:undefined":46,"s:329:8:331:Infinity":191,"s:330:12:330:Infinity":192,"s:332:8:332:Infinity":193,"f:335:4:335:9":17,"s:336:8:336:Infinity":194,"f:336:37:336:39":18,"s:336:43:336:84":195,"s:337:8:337:Infinity":196,"s:338:8:340:Infinity":197,"f:338:37:338:38":19,"s:339:12:339:Infinity":198,"s:341:8:341:Infinity":199,"s:342:8:342:Infinity":200,"s:343:8:343:Infinity":201,"s:344:8:344:Infinity":202,"s:345:8:345:Infinity":203}}}
,"/home/konstantin/Dokumente/Dev/MOC/workflow_Tiling/lib/layout.js": {"path":"/home/konstantin/Dokumente/Dev/MOC/workflow_Tiling/lib/layout.js","statementMap":{"0":{"start":{"line":4,"column":28},"end":{"line":9,"column":2}},"1":{"start":{"line":17,"column":8},"end":{"line":17,"column":null}},"2":{"start":{"line":18,"column":8},"end":{"line":20,"column":null}},"3":{"start":{"line":19,"column":12},"end":{"line":19,"column":null}},"4":{"start":{"line":21,"column":8},"end":{"line":21,"column":null}},"5":{"start":{"line":22,"column":8},"end":{"line":22,"column":null}},"6":{"start":{"line":23,"column":8},"end":{"line":23,"column":null}},"7":{"start":{"line":24,"column":8},"end":{"line":24,"column":null}},"8":{"start":{"line":25,"column":8},"end":{"line":25,"column":28}},"9":{"start":{"line":32,"column":21},"end":{"line":37,"column":9}},"10":{"start":{"line":39,"column":26},"end":{"line":39,"column":53}},"11":{"start":{"line":40,"column":22},"end":{"line":40,"column":45}},"12":{"start":{"line":42,"column":21},"end":{"line":47,"column":9}},"13":{"start":{"line":49,"column":8},"end":{"line":54,"column":null}},"14":{"start":{"line":60,"column":8},"end":{"line":60,"column":null}},"15":{"start":{"line":61,"column":8},"end":{"line":61,"column":null}},"16":{"start":{"line":62,"column":8},"end":{"line":62,"column":null}},"17":{"start":{"line":66,"column":27},"end":{"line":68,"column":9}},"18":{"start":{"line":67,"column":12},"end":{"line":67,"column":null}},"19":{"start":{"line":67,"column":44},"end":{"line":67,"column":68}},"20":{"start":{"line":69,"column":8},"end":{"line":69,"column":null}},"21":{"start":{"line":69,"column":24},"end":{"line":69,"column":null}},"22":{"start":{"line":73,"column":20},"end":{"line":73,"column":24}},"23":{"start":{"line":74,"column":8},"end":{"line":79,"column":null}},"24":{"start":{"line":83,"column":8},"end":{"line":83,"column":null}},"25":{"start":{"line":87,"column":8},"end":{"line":87,"column":null}},"26":{"start":{"line":93,"column":8},"end":{"line":93,"column":null}},"27":{"start":{"line":94,"column":8},"end":{"line":94,"column":null}},"28":{"start":{"line":98,"column":8},"end":{"line":98,"column":null}},"29":{"start":{"line":103,"column":20},"end":{"line":114,"column":6}},"30":{"start":{"line":115,"column":4},"end":{"line":115,"column":null}}},"fnMap":{"0":{"name":"(anonymous_0)","decl":{"start":{"line":16,"column":4},"end":{"line":16,"column":15}},"loc":{"start":{"line":16,"column":44},"end":{"line":26,"column":null}},"line":16},"1":{"name":"(anonymous_1)","decl":{"start":{"line":31,"column":4},"end":{"line":31,"column":14}},"loc":{"start":{"line":31,"column":28},"end":{"line":55,"column":null}},"line":31},"2":{"name":"(anonymous_2)","decl":{"start":{"line":59,"column":4},"end":{"line":59,"column":15}},"loc":{"start":{"line":59,"column":30},"end":{"line":63,"column":null}},"line":59},"3":{"name":"(anonymous_3)","decl":{"start":{"line":65,"column":4},"end":{"line":65,"column":13}},"loc":{"start":{"line":65,"column":23},"end":{"line":70,"column":null}},"line":65},"4":{"name":"(anonymous_4)","decl":{"start":{"line":66,"column":40},"end":{"line":66,"column":41}},"loc":{"start":{"line":67,"column":12},"end":{"line":67,"column":null}},"line":67},"5":{"name":"(anonymous_5)","decl":{"start":{"line":67,"column":38},"end":{"line":67,"column":40}},"loc":{"start":{"line":67,"column":44},"end":{"line":67,"column":68}},"line":67},"6":{"name":"(anonymous_6)","decl":{"start":{"line":72,"column":4},"end":{"line":72,"column":15}},"loc":{"start":{"line":72,"column":24},"end":{"line":80,"column":null}},"line":72},"7":{"name":"(anonymous_7)","decl":{"start":{"line":82,"column":4},"end":{"line":82,"column":13}},"loc":{"start":{"line":82,"column":21},"end":{"line":84,"column":null}},"line":82},"8":{"name":"(anonymous_8)","decl":{"start":{"line":86,"column":8},"end":{"line":86,"column":12}},"loc":{"start":{"line":86,"column":15},"end":{"line":88,"column":null}},"line":86},"9":{"name":"(anonymous_9)","decl":{"start":{"line":92,"column":4},"end":{"line":92,"column":15}},"loc":{"start":{"line":92,"column":40},"end":{"line":95,"column":null}},"line":92},"10":{"name":"(anonymous_10)","decl":{"start":{"line":97,"column":4},"end":{"line":97,"column":21}},"loc":{"start":{"line":97,"column":35},"end":{"line":99,"column":null}},"line":97},"11":{"name":"createDefaultEscalator","decl":{"start":{"line":102,"column":16},"end":{"line":102,"column":38}},"loc":{"start":{"line":102,"column":41},"end":{"line":116,"column":null}},"line":102}},"branchMap":{"0":{"loc":{"start":{"line":18,"column":8},"end":{"line":20,"column":null}},"type":"if","locations":[{"start":{"line":18,"column":8},"end":{"line":20,"column":null}},{"start":{},"end":{}}],"line":18},"1":{"loc":{"start":{"line":18,"column":12},"end":{"line":18,"column":118}},"type":"binary-expr","locations":[{"start":{"line":18,"column":12},"end":{"line":18,"column":21}},{"start":{"line":18,"column":25},"end":{"line":18,"column":34}},{"start":{"line":18,"column":38},"end":{"line":18,"column":76}},{"start":{"line":18,"column":80},"end":{"line":18,"column":118}}],"line":18},"2":{"loc":{"start":{"line":43,"column":20},"end":{"line":43,"column":66}},"type":"cond-expr","locations":[{"start":{"line":43,"column":49},"end":{"line":43,"column":54}},{"start":{"line":43,"column":57},"end":{"line":43,"column":66}}],"line":43},"3":{"loc":{"start":{"line":44,"column":20},"end":{"line":44,"column":89}},"type":"cond-expr","locations":[{"start":{"line":44,"column":72},"end":{"line":44,"column":77}},{"start":{"line":44,"column":80},"end":{"line":44,"column":89}}],"line":44},"4":{"loc":{"start":{"line":45,"column":20},"end":{"line":45,"column":66}},"type":"cond-expr","locations":[{"start":{"line":45,"column":49},"end":{"line":45,"column":54}},{"start":{"line":45,"column":57},"end":{"line":45,"column":66}}],"line":45},"5":{"loc":{"start":{"line":46,"column":20},"end":{"line":46,"column":null}},"type":"cond-expr","locations":[{"start":{"line":46,"column":72},"end":{"line":46,"column":77}},{"start":{"line":46,"column":80},"end":{"line":46,"column":null}}],"line":46},"6":{"loc":{"start":{"line":59,"column":16},"end":{"line":59,"column":28}},"type":"default-arg","locations":[{"start":{"line":59,"column":26},"end":{"line":59,"column":28}}],"line":59},"7":{"loc":{"start":{"line":69,"column":8},"end":{"line":69,"column":null}},"type":"if","locations":[{"start":{"line":69,"column":8},"end":{"line":69,"column":null}},{"start":{},"end":{}}],"line":69},"8":{"loc":{"start":{"line":75,"column":12},"end":{"line":78,"column":null}},"type":"binary-expr","locations":[{"start":{"line":75,"column":12},"end":{"line":75,"column":49}},{"start":{"line":76,"column":12},"end":{"line":76,"column":49}},{"start":{"line":77,"column":12},"end":{"line":77,"column":49}},{"start":{"line":78,"column":12},"end":{"line":78,"column":null}}],"line":75},"9":{"loc":{"start":{"line":83,"column":15},"end":{"line":83,"column":42}},"type":"binary-expr","locations":[{"start":{"line":83,"column":15},"end":{"line":83,"column":34}},{"start":{"line":83,"column":38},"end":{"line":83,"column":42}}],"line":83},"10":{"loc":{"start":{"line":92,"column":16},"end":{"line":92,"column":38}},"type":"default-arg","locations":[{"start":{"line":92,"column":29},"end":{"line":92,"column":38}}],"line":92},"11":{"loc":{"start":{"line":98,"column":15},"end":{"line":98,"column":53}},"type":"binary-expr","locations":[{"start":{"line":98,"column":15},"end":{"line":98,"column":45}},{"start":{"line":98,"column":49},"end":{"line":98,"column":53}}],"line":98}},"s":{"0":3,"1":118,"2":118,"3":2,"4":116,"5":116,"6":116,"7":116,"8":116,"9":38,"10":38,"11":38,"12":38,"13":38,"14":57,"15":57,"16":57,"17":57,"18":112,"19":74,"20":57,"21":1,"22":74,"23":74,"24":35,"25":3,"26":18,"27":18,"28":31,"29":18,"30":18},"f":{"0":118,"1":38,"2":57,"3":57,"4":112,"5":74,"6":74,"7":35,"8":3,"9":18,"10":31,"11":18},"b":{"0":[2,116],"1":[118,117,117,116],"2":[30,8],"3":[30,8],"4":[38,0],"5":[38,0],"6":[57],"7":[1,56],"8":[74,19,19,1],"9":[35,0],"10":[18],"11":[31,0]},"meta":{"lastBranch":12,"lastFunction":12,"lastStatement":31,"seen":{"s:4:28:9:2":0,"f:16:4:16:15":0,"s:17:8:17:Infinity":1,"b:18:8:20:Infinity:undefined:undefined:undefined:undefined":0,"s:18:8:20:Infinity":2,"b:18:12:18:21:18:25:18:34:18:38:18:76:18:80:18:118":1,"s:19:12:19:Infinity":3,"s:21:8:21:Infinity":4,"s:22:8:22:Infinity":5,"s:23:8:23:Infinity":6,"s:24:8:24:Infinity":7,"s:25:8:25:28":8,"f:31:4:31:14":1,"s:32:21:37:9":9,"s:39:26:39:53":10,"s:40:22:40:45":11,"s:42:21:47:9":12,"b:43:49:43:54:43:57:43:66":2,"b:44:72:44:77:44:80:44:89":3,"b:45:49:45:54:45:57:45:66":4,"b:46:72:46:77:46:80:46:Infinity":5,"s:49:8:54:Infinity":13,"f:59:4:59:15":2,"b:59:26:59:28":6,"s:60:8:60:Infinity":14,"s:61:8:61:Infinity":15,"s:62:8:62:Infinity":16,"f:65:4:65:13":3,"s:66:27:68:9":17,"f:66:40:66:41":4,"s:67:12:67:Infinity":18,"f:67:38:67:40":5,"s:67:44:67:68":19,"b:69:8:69:Infinity:undefined:undefined:undefined:undefined":7,"s:69:8:69:Infinity":20,"s:69:24:69:Infinity":21,"f:72:4:72:15":6,"s:73:20:73:24":22,"s:74:8:79:Infinity":23,"b:75:12:75:49:76:12:76:49:77:12:77:49:78:12:78:Infinity":8,"f:82:4:82:13":7,"s:83:8:83:Infinity":24,"b:83:15:83:34:83:38:83:42":9,"f:86:8:86:12":8,"s:87:8:87:Infinity":25,"f:92:4:92:15":9,"b:92:29:92:38":10,"s:93:8:93:Infinity":26,"s:94:8:94:Infinity":27,"f:97:4:97:21":10,"s:98:8:98:Infinity":28,"b:98:15:98:45:98:49:98:53":11,"f:102:16:102:38":11,"s:103:20:114:6":29,"s:115:4:115:Infinity":30}}}
,"/home/konstantin/Dokumente/Dev/MOC/workflow_Tiling/lib/logger.js": {"path":"/home/konstantin/Dokumente/Dev/MOC/workflow_Tiling/lib/logger.js","statementMap":{"0":{"start":{"line":1,"column":22},"end":{"line":27,"column":1}},"1":{"start":{"line":5,"column":8},"end":{"line":5,"column":null}},"2":{"start":{"line":9,"column":8},"end":{"line":9,"column":null}},"3":{"start":{"line":10,"column":8},"end":{"line":12,"column":null}},"4":{"start":{"line":11,"column":12},"end":{"line":11,"column":null}},"5":{"start":{"line":16,"column":8},"end":{"line":16,"column":null}},"6":{"start":{"line":17,"column":8},"end":{"line":19,"column":null}},"7":{"start":{"line":18,"column":12},"end":{"line":18,"column":null}},"8":{"start":{"line":23,"column":8},"end":{"line":25,"column":null}},"9":{"start":{"line":24,"column":12},"end":{"line":24,"column":null}}},"fnMap":{"0":{"name":"(anonymous_0)","decl":{"start":{"line":4,"column":4},"end":{"line":4,"column":8}},"loc":{"start":{"line":4,"column":14},"end":{"line":6,"column":5}},"line":4},"1":{"name":"(anonymous_1)","decl":{"start":{"line":8,"column":4},"end":{"line":8,"column":8}},"loc":{"start":{"line":8,"column":26},"end":{"line":13,"column":5}},"line":8},"2":{"name":"(anonymous_2)","decl":{"start":{"line":15,"column":4},"end":{"line":15,"column":9}},"loc":{"start":{"line":15,"column":27},"end":{"line":20,"column":5}},"line":15},"3":{"name":"(anonymous_3)","decl":{"start":{"line":22,"column":4},"end":{"line":22,"column":9}},"loc":{"start":{"line":22,"column":15},"end":{"line":26,"column":null}},"line":22}},"branchMap":{"0":{"loc":{"start":{"line":8,"column":14},"end":{"line":8,"column":24}},"type":"default-arg","locations":[{"start":{"line":8,"column":20},"end":{"line":8,"column":24}}],"line":8},"1":{"loc":{"start":{"line":10,"column":8},"end":{"line":12,"column":null}},"type":"if","locations":[{"start":{"line":10,"column":8},"end":{"line":12,"column":null}},{"start":{},"end":{}}],"line":10},"2":{"loc":{"start":{"line":11,"column":57},"end":{"line":11,"column":88}},"type":"binary-expr","locations":[{"start":{"line":11,"column":57},"end":{"line":11,"column":66}},{"start":{"line":11,"column":70},"end":{"line":11,"column":81}},{"start":{"line":11,"column":85},"end":{"line":11,"column":88}}],"line":11},"3":{"loc":{"start":{"line":15,"column":15},"end":{"line":15,"column":25}},"type":"default-arg","locations":[{"start":{"line":15,"column":21},"end":{"line":15,"column":25}}],"line":15},"4":{"loc":{"start":{"line":17,"column":8},"end":{"line":19,"column":null}},"type":"if","locations":[{"start":{"line":17,"column":8},"end":{"line":19,"column":null}},{"start":{},"end":{}}],"line":17},"5":{"loc":{"start":{"line":18,"column":59},"end":{"line":18,"column":90}},"type":"binary-expr","locations":[{"start":{"line":18,"column":59},"end":{"line":18,"column":68}},{"start":{"line":18,"column":72},"end":{"line":18,"column":83}},{"start":{"line":18,"column":87},"end":{"line":18,"column":90}}],"line":18},"6":{"loc":{"start":{"line":23,"column":8},"end":{"line":25,"column":null}},"type":"if","locations":[{"start":{"line":23,"column":8},"end":{"line":25,"column":null}},{"start":{},"end":{}}],"line":23}},"s":{"0":3,"1":28,"2":7,"3":7,"4":6,"5":5,"6":5,"7":4,"8":2,"9":1},"f":{"0":28,"1":7,"2":5,"3":2},"b":{"0":[7],"1":[6,1],"2":[6,0,0],"3":[5],"4":[4,1],"5":[4,0,0],"6":[1,1]},"meta":{"lastBranch":7,"lastFunction":4,"lastStatement":10,"seen":{"s:1:22:27:1":0,"f:4:4:4:8":0,"s:5:8:5:Infinity":1,"f:8:4:8:8":1,"b:8:20:8:24":0,"s:9:8:9:Infinity":2,"b:10:8:12:Infinity:undefined:undefined:undefined:undefined":1,"s:10:8:12:Infinity":3,"s:11:12:11:Infinity":4,"b:11:57:11:66:11:70:11:81:11:85:11:88":2,"f:15:4:15:9":2,"b:15:21:15:25":3,"s:16:8:16:Infinity":5,"b:17:8:19:Infinity:undefined:undefined:undefined:undefined":4,"s:17:8:19:Infinity":6,"s:18:12:18:Infinity":7,"b:18:59:18:68:18:72:18:83:18:87:18:90":5,"f:22:4:22:9":3,"b:23:8:25:Infinity:undefined:undefined:undefined:undefined":6,"s:23:8:25:Infinity":8,"s:24:12:24:Infinity":9}}}
,"/home/konstantin/Dokumente/Dev/MOC/workflow_Tiling/lib/state.js": {"path":"/home/konstantin/Dokumente/Dev/MOC/workflow_Tiling/lib/state.js","statementMap":{"0":{"start":{"line":3,"column":8},"end":{"line":3,"column":null}},"1":{"start":{"line":4,"column":8},"end":{"line":4,"column":null}},"2":{"start":{"line":8,"column":8},"end":{"line":11,"column":null}},"3":{"start":{"line":9,"column":25},"end":{"line":9,"column":110}},"4":{"start":{"line":10,"column":12},"end":{"line":10,"column":null}},"5":{"start":{"line":12,"column":8},"end":{"line":12,"column":null}},"6":{"start":{"line":16,"column":25},"end":{"line":16,"column":61}},"7":{"start":{"line":17,"column":8},"end":{"line":17,"column":null}},"8":{"start":{"line":18,"column":8},"end":{"line":18,"column":null}},"9":{"start":{"line":19,"column":8},"end":{"line":19,"column":null}},"10":{"start":{"line":23,"column":8},"end":{"line":23,"column":null}},"11":{"start":{"line":27,"column":8},"end":{"line":29,"column":null}},"12":{"start":{"line":28,"column":28},"end":{"line":28,"column":39}},"13":{"start":{"line":29,"column":26},"end":{"line":29,"column":34}},"14":{"start":{"line":33,"column":8},"end":{"line":33,"column":null}},"15":{"start":{"line":37,"column":8},"end":{"line":37,"column":null}},"16":{"start":{"line":38,"column":8},"end":{"line":38,"column":null}}},"fnMap":{"0":{"name":"(anonymous_0)","decl":{"start":{"line":2,"column":4},"end":{"line":2,"column":15}},"loc":{"start":{"line":2,"column":18},"end":{"line":5,"column":null}},"line":2},"1":{"name":"(anonymous_1)","decl":{"start":{"line":7,"column":4},"end":{"line":7,"column":9}},"loc":{"start":{"line":7,"column":25},"end":{"line":13,"column":null}},"line":7},"2":{"name":"(anonymous_2)","decl":{"start":{"line":15,"column":4},"end":{"line":15,"column":11}},"loc":{"start":{"line":15,"column":20},"end":{"line":20,"column":null}},"line":15},"3":{"name":"(anonymous_3)","decl":{"start":{"line":22,"column":4},"end":{"line":22,"column":11}},"loc":{"start":{"line":22,"column":20},"end":{"line":24,"column":null}},"line":22},"4":{"name":"(anonymous_4)","decl":{"start":{"line":26,"column":8},"end":{"line":26,"column":15}},"loc":{"start":{"line":26,"column":18},"end":{"line":30,"column":null}},"line":26},"5":{"name":"(anonymous_5)","decl":{"start":{"line":28,"column":18},"end":{"line":28,"column":19}},"loc":{"start":{"line":28,"column":28},"end":{"line":28,"column":39}},"line":28},"6":{"name":"(anonymous_6)","decl":{"start":{"line":29,"column":17},"end":{"line":29,"column":22}},"loc":{"start":{"line":29,"column":26},"end":{"line":29,"column":34}},"line":29},"7":{"name":"(anonymous_7)","decl":{"start":{"line":32,"column":8},"end":{"line":32,"column":12}},"loc":{"start":{"line":32,"column":15},"end":{"line":34,"column":null}},"line":32},"8":{"name":"(anonymous_8)","decl":{"start":{"line":36,"column":4},"end":{"line":36,"column":9}},"loc":{"start":{"line":36,"column":12},"end":{"line":39,"column":null}},"line":36}},"branchMap":{"0":{"loc":{"start":{"line":8,"column":8},"end":{"line":11,"column":null}},"type":"if","locations":[{"start":{"line":8,"column":8},"end":{"line":11,"column":null}},{"start":{},"end":{}}],"line":8},"1":{"loc":{"start":{"line":9,"column":25},"end":{"line":9,"column":110}},"type":"cond-expr","locations":[{"start":{"line":9,"column":49},"end":{"line":9,"column":72}},{"start":{"line":9,"column":75},"end":{"line":9,"column":110}}],"line":9}},"s":{"0":26,"1":26,"2":65,"3":30,"4":30,"5":65,"6":11,"7":11,"8":11,"9":11,"10":31,"11":34,"12":11,"13":45,"14":70,"15":0,"16":0},"f":{"0":26,"1":65,"2":11,"3":31,"4":34,"5":11,"6":45,"7":70,"8":0},"b":{"0":[30,35],"1":[18,12]},"meta":{"lastBranch":2,"lastFunction":9,"lastStatement":17,"seen":{"f:2:4:2:15":0,"s:3:8:3:Infinity":0,"s:4:8:4:Infinity":1,"f:7:4:7:9":1,"b:8:8:11:Infinity:undefined:undefined:undefined:undefined":0,"s:8:8:11:Infinity":2,"s:9:25:9:110":3,"b:9:49:9:72:9:75:9:110":1,"s:10:12:10:Infinity":4,"s:12:8:12:Infinity":5,"f:15:4:15:11":2,"s:16:25:16:61":6,"s:17:8:17:Infinity":7,"s:18:8:18:Infinity":8,"s:19:8:19:Infinity":9,"f:22:4:22:11":3,"s:23:8:23:Infinity":10,"f:26:8:26:15":4,"s:27:8:29:Infinity":11,"f:28:18:28:19":5,"s:28:28:28:39":12,"f:29:17:29:22":6,"s:29:26:29:34":13,"f:32:8:32:12":7,"s:33:8:33:Infinity":14,"f:36:4:36:9":8,"s:37:8:37:Infinity":15,"s:38:8:38:Infinity":16}}}
,"/home/konstantin/Dokumente/Dev/MOC/workflow_Tiling/lib/window.js": {"path":"/home/konstantin/Dokumente/Dev/MOC/workflow_Tiling/lib/window.js","statementMap":{"0":{"start":{"line":6,"column":8},"end":{"line":6,"column":null}},"1":{"start":{"line":7,"column":8},"end":{"line":7,"column":null}},"2":{"start":{"line":8,"column":8},"end":{"line":8,"column":null}},"3":{"start":{"line":10,"column":8},"end":{"line":10,"column":null}},"4":{"start":{"line":11,"column":8},"end":{"line":11,"column":null}},"5":{"start":{"line":12,"column":8},"end":{"line":12,"column":null}},"6":{"start":{"line":16,"column":8},"end":{"line":16,"column":null}},"7":{"start":{"line":20,"column":8},"end":{"line":20,"column":null}},"8":{"start":{"line":24,"column":8},"end":{"line":24,"column":null}},"9":{"start":{"line":28,"column":8},"end":{"line":30,"column":null}},"10":{"start":{"line":29,"column":12},"end":{"line":29,"column":null}},"11":{"start":{"line":29,"column":81},"end":{"line":29,"column":116}},"12":{"start":{"line":31,"column":8},"end":{"line":33,"column":null}},"13":{"start":{"line":32,"column":12},"end":{"line":32,"column":null}},"14":{"start":{"line":32,"column":97},"end":{"line":32,"column":139}},"15":{"start":{"line":34,"column":8},"end":{"line":36,"column":null}},"16":{"start":{"line":35,"column":12},"end":{"line":35,"column":null}},"17":{"start":{"line":35,"column":97},"end":{"line":35,"column":139}},"18":{"start":{"line":40,"column":8},"end":{"line":45,"column":null}},"19":{"start":{"line":41,"column":12},"end":{"line":44,"column":null}},"20":{"start":{"line":42,"column":16},"end":{"line":42,"column":null}},"21":{"start":{"line":43,"column":16},"end":{"line":43,"column":null}},"22":{"start":{"line":49,"column":8},"end":{"line":56,"column":null}},"23":{"start":{"line":50,"column":23},"end":{"line":50,"column":45}},"24":{"start":{"line":51,"column":12},"end":{"line":53,"column":null}},"25":{"start":{"line":52,"column":16},"end":{"line":52,"column":null}},"26":{"start":{"line":55,"column":12},"end":{"line":55,"column":null}},"27":{"start":{"line":57,"column":8},"end":{"line":57,"column":null}},"28":{"start":{"line":61,"column":21},"end":{"line":61,"column":52}},"29":{"start":{"line":62,"column":8},"end":{"line":64,"column":null}},"30":{"start":{"line":63,"column":12},"end":{"line":63,"column":null}},"31":{"start":{"line":68,"column":8},"end":{"line":68,"column":null}},"32":{"start":{"line":68,"column":62},"end":{"line":68,"column":null}},"33":{"start":{"line":70,"column":8},"end":{"line":84,"column":null}},"34":{"start":{"line":71,"column":12},"end":{"line":81,"column":null}},"35":{"start":{"line":72,"column":16},"end":{"line":72,"column":null}},"36":{"start":{"line":74,"column":16},"end":{"line":78,"column":null}},"37":{"start":{"line":75,"column":20},"end":{"line":75,"column":null}},"38":{"start":{"line":75,"column":40},"end":{"line":75,"column":null}},"39":{"start":{"line":76,"column":20},"end":{"line":76,"column":null}},"40":{"start":{"line":77,"column":20},"end":{"line":77,"column":null}},"41":{"start":{"line":80,"column":16},"end":{"line":80,"column":null}},"42":{"start":{"line":83,"column":12},"end":{"line":83,"column":null}},"43":{"start":{"line":88,"column":8},"end":{"line":98,"column":null}},"44":{"start":{"line":89,"column":12},"end":{"line":95,"column":null}},"45":{"start":{"line":97,"column":12},"end":{"line":97,"column":null}}},"fnMap":{"0":{"name":"(anonymous_0)","decl":{"start":{"line":5,"column":4},"end":{"line":5,"column":15}},"loc":{"start":{"line":5,"column":36},"end":{"line":13,"column":null}},"line":5},"1":{"name":"(anonymous_1)","decl":{"start":{"line":15,"column":8},"end":{"line":15,"column":17}},"loc":{"start":{"line":15,"column":20},"end":{"line":17,"column":null}},"line":15},"2":{"name":"(anonymous_2)","decl":{"start":{"line":19,"column":8},"end":{"line":19,"column":17}},"loc":{"start":{"line":19,"column":20},"end":{"line":21,"column":null}},"line":19},"3":{"name":"(anonymous_3)","decl":{"start":{"line":23,"column":8},"end":{"line":23,"column":13}},"loc":{"start":{"line":23,"column":16},"end":{"line":25,"column":null}},"line":23},"4":{"name":"(anonymous_4)","decl":{"start":{"line":27,"column":4},"end":{"line":27,"column":15}},"loc":{"start":{"line":27,"column":18},"end":{"line":37,"column":null}},"line":27},"5":{"name":"(anonymous_5)","decl":{"start":{"line":29,"column":75},"end":{"line":29,"column":76}},"loc":{"start":{"line":29,"column":81},"end":{"line":29,"column":116}},"line":29},"6":{"name":"(anonymous_6)","decl":{"start":{"line":32,"column":91},"end":{"line":32,"column":92}},"loc":{"start":{"line":32,"column":97},"end":{"line":32,"column":139}},"line":32},"7":{"name":"(anonymous_7)","decl":{"start":{"line":35,"column":91},"end":{"line":35,"column":92}},"loc":{"start":{"line":35,"column":97},"end":{"line":35,"column":139}},"line":35},"8":{"name":"(anonymous_8)","decl":{"start":{"line":39,"column":4},"end":{"line":39,"column":26}},"loc":{"start":{"line":39,"column":29},"end":{"line":46,"column":null}},"line":39},"9":{"name":"(anonymous_9)","decl":{"start":{"line":41,"column":81},"end":{"line":41,"column":82}},"loc":{"start":{"line":41,"column":87},"end":{"line":44,"column":13}},"line":41},"10":{"name":"(anonymous_10)","decl":{"start":{"line":48,"column":4},"end":{"line":48,"column":20}},"loc":{"start":{"line":48,"column":27},"end":{"line":58,"column":null}},"line":48},"11":{"name":"(anonymous_11)","decl":{"start":{"line":60,"column":4},"end":{"line":60,"column":11}},"loc":{"start":{"line":60,"column":14},"end":{"line":65,"column":null}},"line":60},"12":{"name":"(anonymous_12)","decl":{"start":{"line":67,"column":4},"end":{"line":67,"column":17}},"loc":{"start":{"line":67,"column":24},"end":{"line":85,"column":null}},"line":67},"13":{"name":"(anonymous_13)","decl":{"start":{"line":74,"column":81},"end":{"line":74,"column":82}},"loc":{"start":{"line":74,"column":87},"end":{"line":78,"column":17}},"line":74},"14":{"name":"(anonymous_14)","decl":{"start":{"line":87,"column":4},"end":{"line":87,"column":13}},"loc":{"start":{"line":87,"column":20},"end":{"line":99,"column":null}},"line":87}},"branchMap":{"0":{"loc":{"start":{"line":24,"column":15},"end":{"line":24,"column":78}},"type":"binary-expr","locations":[{"start":{"line":24,"column":16},"end":{"line":24,"column":37}},{"start":{"line":24,"column":41},"end":{"line":24,"column":64}},{"start":{"line":24,"column":69},"end":{"line":24,"column":78}}],"line":24},"1":{"loc":{"start":{"line":28,"column":8},"end":{"line":30,"column":null}},"type":"if","locations":[{"start":{"line":28,"column":8},"end":{"line":30,"column":null}},{"start":{},"end":{}}],"line":28},"2":{"loc":{"start":{"line":31,"column":8},"end":{"line":33,"column":null}},"type":"if","locations":[{"start":{"line":31,"column":8},"end":{"line":33,"column":null}},{"start":{},"end":{}}],"line":31},"3":{"loc":{"start":{"line":34,"column":8},"end":{"line":36,"column":null}},"type":"if","locations":[{"start":{"line":34,"column":8},"end":{"line":36,"column":null}},{"start":{},"end":{}}],"line":34},"4":{"loc":{"start":{"line":40,"column":8},"end":{"line":45,"column":null}},"type":"if","locations":[{"start":{"line":40,"column":8},"end":{"line":45,"column":null}},{"start":{},"end":{}}],"line":40},"5":{"loc":{"start":{"line":51,"column":12},"end":{"line":53,"column":null}},"type":"if","locations":[{"start":{"line":51,"column":12},"end":{"line":53,"column":null}},{"start":{},"end":{}}],"line":51},"6":{"loc":{"start":{"line":51,"column":16},"end":{"line":51,"column":58}},"type":"binary-expr","locations":[{"start":{"line":51,"column":16},"end":{"line":51,"column":18}},{"start":{"line":51,"column":22},"end":{"line":51,"column":58}}],"line":51},"7":{"loc":{"start":{"line":68,"column":8},"end":{"line":68,"column":null}},"type":"if","locations":[{"start":{"line":68,"column":8},"end":{"line":68,"column":null}},{"start":{},"end":{}}],"line":68},"8":{"loc":{"start":{"line":68,"column":12},"end":{"line":68,"column":60}},"type":"binary-expr","locations":[{"start":{"line":68,"column":12},"end":{"line":68,"column":26}},{"start":{"line":68,"column":30},"end":{"line":68,"column":60}}],"line":68},"9":{"loc":{"start":{"line":71,"column":12},"end":{"line":81,"column":null}},"type":"if","locations":[{"start":{"line":71,"column":12},"end":{"line":81,"column":null}},{"start":{"line":79,"column":19},"end":{"line":81,"column":null}}],"line":71},"10":{"loc":{"start":{"line":71,"column":16},"end":{"line":71,"column":86}},"type":"binary-expr","locations":[{"start":{"line":71,"column":16},"end":{"line":71,"column":50}},{"start":{"line":71,"column":54},"end":{"line":71,"column":86}}],"line":71},"11":{"loc":{"start":{"line":75,"column":20},"end":{"line":75,"column":null}},"type":"if","locations":[{"start":{"line":75,"column":20},"end":{"line":75,"column":null}},{"start":{},"end":{}}],"line":75}},"s":{"0":25,"1":25,"2":25,"3":25,"4":25,"5":25,"6":30,"7":1,"8":7,"9":33,"10":18,"11":0,"12":33,"13":18,"14":0,"15":33,"16":18,"17":0,"18":31,"19":17,"20":1,"21":1,"22":16,"23":16,"24":16,"25":13,"26":3,"27":16,"28":4,"29":4,"30":15,"31":28,"32":1,"33":27,"34":27,"35":1,"36":1,"37":1,"38":0,"39":1,"40":1,"41":26,"42":0,"43":27,"44":27,"45":1},"f":{"0":25,"1":30,"2":1,"3":7,"4":33,"5":0,"6":0,"7":0,"8":31,"9":1,"10":16,"11":4,"12":28,"13":1,"14":27},"b":{"0":[7,6,1],"1":[18,15],"2":[18,15],"3":[18,15],"4":[17,14],"5":[13,3],"6":[16,16],"7":[1,27],"8":[28,27],"9":[1,26],"10":[27,26],"11":[0,1]},"meta":{"lastBranch":12,"lastFunction":15,"lastStatement":46,"seen":{"f:5:4:5:15":0,"s:6:8:6:Infinity":0,"s:7:8:7:Infinity":1,"s:8:8:8:Infinity":2,"s:10:8:10:Infinity":3,"s:11:8:11:Infinity":4,"s:12:8:12:Infinity":5,"f:15:8:15:17":1,"s:16:8:16:Infinity":6,"f:19:8:19:17":2,"s:20:8:20:Infinity":7,"f:23:8:23:13":3,"s:24:8:24:Infinity":8,"b:24:16:24:37:24:41:24:64:24:69:24:78":0,"f:27:4:27:15":4,"b:28:8:30:Infinity:undefined:undefined:undefined:undefined":1,"s:28:8:30:Infinity":9,"s:29:12:29:Infinity":10,"f:29:75:29:76":5,"s:29:81:29:116":11,"b:31:8:33:Infinity:undefined:undefined:undefined:undefined":2,"s:31:8:33:Infinity":12,"s:32:12:32:Infinity":13,"f:32:91:32:92":6,"s:32:97:32:139":14,"b:34:8:36:Infinity:undefined:undefined:undefined:undefined":3,"s:34:8:36:Infinity":15,"s:35:12:35:Infinity":16,"f:35:91:35:92":7,"s:35:97:35:139":17,"f:39:4:39:26":8,"b:40:8:45:Infinity:undefined:undefined:undefined:undefined":4,"s:40:8:45:Infinity":18,"s:41:12:44:Infinity":19,"f:41:81:41:82":9,"s:42:16:42:Infinity":20,"s:43:16:43:Infinity":21,"f:48:4:48:20":10,"s:49:8:56:Infinity":22,"s:50:23:50:45":23,"b:51:12:53:Infinity:undefined:undefined:undefined:undefined":5,"s:51:12:53:Infinity":24,"b:51:16:51:18:51:22:51:58":6,"s:52:16:52:Infinity":25,"s:55:12:55:Infinity":26,"s:57:8:57:Infinity":27,"f:60:4:60:11":11,"s:61:21:61:52":28,"s:62:8:64:Infinity":29,"s:63:12:63:Infinity":30,"f:67:4:67:17":12,"b:68:8:68:Infinity:undefined:undefined:undefined:undefined":7,"s:68:8:68:Infinity":31,"b:68:12:68:26:68:30:68:60":8,"s:68:62:68:Infinity":32,"s:70:8:84:Infinity":33,"b:71:12:81:Infinity:79:19:81:Infinity":9,"s:71:12:81:Infinity":34,"b:71:16:71:50:71:54:71:86":10,"s:72:16:72:Infinity":35,"s:74:16:78:Infinity":36,"f:74:81:74:82":13,"b:75:20:75:Infinity:undefined:undefined:undefined:undefined":11,"s:75:20:75:Infinity":37,"s:75:40:75:Infinity":38,"s:76:20:76:Infinity":39,"s:77:20:77:Infinity":40,"s:80:16:80:Infinity":41,"s:83:12:83:Infinity":42,"f:87:4:87:13":14,"s:88:8:98:Infinity":43,"s:89:12:95:Infinity":44,"s:97:12:97:Infinity":45}}}
,"/home/konstantin/Dokumente/Dev/MOC/workflow_Tiling/lib/workspace.js": {"path":"/home/konstantin/Dokumente/Dev/MOC/workflow_Tiling/lib/workspace.js","statementMap":{"0":{"start":{"line":8,"column":8},"end":{"line":8,"column":null}},"1":{"start":{"line":9,"column":8},"end":{"line":9,"column":null}},"2":{"start":{"line":10,"column":8},"end":{"line":10,"column":null}},"3":{"start":{"line":17,"column":24},"end":{"line":17,"column":51}},"4":{"start":{"line":18,"column":8},"end":{"line":20,"column":null}},"5":{"start":{"line":19,"column":12},"end":{"line":19,"column":null}},"6":{"start":{"line":27,"column":24},"end":{"line":27,"column":51}},"7":{"start":{"line":28,"column":8},"end":{"line":28,"column":null}},"8":{"start":{"line":35,"column":24},"end":{"line":35,"column":51}},"9":{"start":{"line":36,"column":28},"end":{"line":36,"column":40}},"10":{"start":{"line":38,"column":8},"end":{"line":38,"column":null}},"11":{"start":{"line":38,"column":31},"end":{"line":38,"column":null}},"12":{"start":{"line":40,"column":23},"end":{"line":40,"column":68}},"13":{"start":{"line":41,"column":8},"end":{"line":41,"column":null}},"14":{"start":{"line":41,"column":21},"end":{"line":41,"column":null}},"15":{"start":{"line":43,"column":8},"end":{"line":51,"column":null}},"16":{"start":{"line":45,"column":12},"end":{"line":45,"column":38}},"17":{"start":{"line":46,"column":27},"end":{"line":46,"column":50}},"18":{"start":{"line":47,"column":12},"end":{"line":50,"column":null}},"19":{"start":{"line":55,"column":8},"end":{"line":57,"column":null}},"20":{"start":{"line":56,"column":12},"end":{"line":56,"column":null}},"21":{"start":{"line":58,"column":8},"end":{"line":58,"column":null}}},"fnMap":{"0":{"name":"(anonymous_0)","decl":{"start":{"line":7,"column":4},"end":{"line":7,"column":15}},"loc":{"start":{"line":7,"column":38},"end":{"line":11,"column":null}},"line":7},"1":{"name":"(anonymous_1)","decl":{"start":{"line":16,"column":4},"end":{"line":16,"column":15}},"loc":{"start":{"line":16,"column":35},"end":{"line":21,"column":null}},"line":16},"2":{"name":"(anonymous_2)","decl":{"start":{"line":26,"column":4},"end":{"line":26,"column":17}},"loc":{"start":{"line":26,"column":37},"end":{"line":29,"column":null}},"line":26},"3":{"name":"(anonymous_3)","decl":{"start":{"line":34,"column":4},"end":{"line":34,"column":23}},"loc":{"start":{"line":34,"column":48},"end":{"line":52,"column":null}},"line":34},"4":{"name":"(anonymous_4)","decl":{"start":{"line":43,"column":35},"end":{"line":43,"column":36}},"loc":{"start":{"line":43,"column":51},"end":{"line":51,"column":9}},"line":43},"5":{"name":"(anonymous_5)","decl":{"start":{"line":54,"column":4},"end":{"line":54,"column":15}},"loc":{"start":{"line":54,"column":27},"end":{"line":59,"column":null}},"line":54}},"branchMap":{"0":{"loc":{"start":{"line":18,"column":8},"end":{"line":20,"column":null}},"type":"if","locations":[{"start":{"line":18,"column":8},"end":{"line":20,"column":null}},{"start":{},"end":{}}],"line":18},"1":{"loc":{"start":{"line":38,"column":8},"end":{"line":38,"column":null}},"type":"if","locations":[{"start":{"line":38,"column":8},"end":{"line":38,"column":null}},{"start":{},"end":{}}],"line":38},"2":{"loc":{"start":{"line":41,"column":8},"end":{"line":41,"column":null}},"type":"if","locations":[{"start":{"line":41,"column":8},"end":{"line":41,"column":null}},{"start":{},"end":{}}],"line":41},"3":{"loc":{"start":{"line":55,"column":8},"end":{"line":57,"column":null}},"type":"if","locations":[{"start":{"line":55,"column":8},"end":{"line":57,"column":null}},{"start":{},"end":{}}],"line":55}},"s":{"0":22,"1":22,"2":22,"3":31,"4":31,"5":30,"6":11,"7":11,"8":33,"9":33,"10":33,"11":5,"12":28,"13":28,"14":0,"15":28,"16":35,"17":35,"18":35,"19":75,"20":26,"21":75},"f":{"0":22,"1":31,"2":11,"3":33,"4":35,"5":75},"b":{"0":[30,1],"1":[5,28],"2":[0,28],"3":[26,49]},"meta":{"lastBranch":4,"lastFunction":6,"lastStatement":22,"seen":{"f:7:4:7:15":0,"s:8:8:8:Infinity":0,"s:9:8:9:Infinity":1,"s:10:8:10:Infinity":2,"f:16:4:16:15":1,"s:17:24:17:51":3,"b:18:8:20:Infinity:undefined:undefined:undefined:undefined":0,"s:18:8:20:Infinity":4,"s:19:12:19:Infinity":5,"f:26:4:26:17":2,"s:27:24:27:51":6,"s:28:8:28:Infinity":7,"f:34:4:34:23":3,"s:35:24:35:51":8,"s:36:28:36:40":9,"b:38:8:38:Infinity:undefined:undefined:undefined:undefined":1,"s:38:8:38:Infinity":10,"s:38:31:38:Infinity":11,"s:40:23:40:68":12,"b:41:8:41:Infinity:undefined:undefined:undefined:undefined":2,"s:41:8:41:Infinity":13,"s:41:21:41:Infinity":14,"s:43:8:51:Infinity":15,"f:43:35:43:36":4,"s:45:12:45:38":16,"s:46:27:46:50":17,"s:47:12:50:Infinity":18,"f:54:4:54:15":5,"b:55:8:57:Infinity:undefined:undefined:undefined:undefined":3,"s:55:8:57:Infinity":19,"s:56:12:56:Infinity":20,"s:58:8:58:Infinity":21}}}
}
